TpTrace Verbose: 0 : 32184, 1, 2023/04/04, 03:41:48.470, 3719228025781, vstest.console.dll, Version: 17.5.0-release-20221220-01 Current process architecture: X64
TpTrace Verbose: 0 : 32184, 1, 2023/04/04, 03:41:48.471, 3719228037495, vstest.console.dll, Runtime location: C:\Program Files\dotnet\shared\Microsoft.NETCore.App\7.0.4
TpTrace Verbose: 0 : 32184, 1, 2023/04/04, 03:41:48.473, 3719228053321, vstest.console.dll, ArtifactProcessingPostProcessModeProcessorExecutor.Initialize: ArtifactProcessingMode.Collect
TpTrace Verbose: 0 : 32184, 1, 2023/04/04, 03:41:48.473, 3719228054185, vstest.console.dll, TestSessionCorrelationIdProcessorModeProcessorExecutor.Initialize: TestSessionCorrelationId '31148_4cf210e9-1ddf-4a00-92e5-0d1d5e875a45'
TpTrace Information: 0 : 32184, 1, 2023/04/04, 03:41:48.478, 3719228105464, vstest.console.dll, FilePatternParser: The given file D:\Users\magic\Downloads\SistemaCompras-v3\SistemaCompra.Domain.Test\bin\Debug\netcoreapp3.1\fine-code-coverage\build-output\SistemaCompra.Domain.Test.dll is a full path.
TpTrace Verbose: 0 : 32184, 1, 2023/04/04, 03:41:48.481, 3719228137085, vstest.console.dll, TestPluginCache.DiscoverTestExtensions: finding test extensions in assemblies ends with: RuntimeProvider.dll TPluginInfo: Microsoft.VisualStudio.TestPlatform.Common.ExtensionFramework.Utilities.TestRuntimePluginInformation TExtension: Microsoft.VisualStudio.TestPlatform.ObjectModel.Host.ITestRuntimeProvider
TpTrace Verbose: 0 : 32184, 1, 2023/04/04, 03:41:48.482, 3719228141611, vstest.console.dll, TestPluginCache.GetExtensionPaths: Filtered extension paths: 
TpTrace Verbose: 0 : 32184, 1, 2023/04/04, 03:41:48.482, 3719228142407, vstest.console.dll, TestPluginCache.GetExtensionPaths: Added default extension paths: C:\Program Files\dotnet\sdk\7.0.202\Extensions\Microsoft.Diagnostics.NETCore.Client.dll
C:\Program Files\dotnet\sdk\7.0.202\Extensions\Microsoft.TestPlatform.Extensions.BlameDataCollector.dll
C:\Program Files\dotnet\sdk\7.0.202\Extensions\Microsoft.TestPlatform.Extensions.EventLogCollector.dll
C:\Program Files\dotnet\sdk\7.0.202\Extensions\Microsoft.TestPlatform.TestHostRuntimeProvider.dll
C:\Program Files\dotnet\sdk\7.0.202\Extensions\Microsoft.VisualStudio.TestPlatform.Extensions.Html.TestLogger.dll
C:\Program Files\dotnet\sdk\7.0.202\Extensions\Microsoft.VisualStudio.TestPlatform.Extensions.Trx.TestLogger.dll
TpTrace Verbose: 0 : 32184, 1, 2023/04/04, 03:41:48.482, 3719228142745, vstest.console.dll, TestPluginCache.GetExtensionPaths: Added unfilterableExtensionPaths: 
TpTrace Information: 0 : 32184, 1, 2023/04/04, 03:41:48.482, 3719228147773, vstest.console.dll, AssemblyResolver.ctor: Creating AssemblyResolver with searchDirectories C:\Program Files\dotnet\sdk\7.0.202\Extensions,C:\Program Files\dotnet\sdk\7.0.202
TpTrace Verbose: 0 : 32184, 1, 2023/04/04, 03:41:48.483, 3719228152606, vstest.console.dll, TestPluginCache.DiscoverTestExtensions: Discovering the extensions using extension path.
TpTrace Verbose: 0 : 32184, 1, 2023/04/04, 03:41:48.483, 3719228153478, vstest.console.dll, TestPluginCache.GetExtensionPaths: Filtered extension paths: 
TpTrace Verbose: 0 : 32184, 1, 2023/04/04, 03:41:48.483, 3719228153866, vstest.console.dll, TestPluginCache.GetExtensionPaths: Added default extension paths: C:\Program Files\dotnet\sdk\7.0.202\Extensions\Microsoft.Diagnostics.NETCore.Client.dll
C:\Program Files\dotnet\sdk\7.0.202\Extensions\Microsoft.TestPlatform.Extensions.BlameDataCollector.dll
C:\Program Files\dotnet\sdk\7.0.202\Extensions\Microsoft.TestPlatform.Extensions.EventLogCollector.dll
C:\Program Files\dotnet\sdk\7.0.202\Extensions\Microsoft.TestPlatform.TestHostRuntimeProvider.dll
C:\Program Files\dotnet\sdk\7.0.202\Extensions\Microsoft.VisualStudio.TestPlatform.Extensions.Html.TestLogger.dll
C:\Program Files\dotnet\sdk\7.0.202\Extensions\Microsoft.VisualStudio.TestPlatform.Extensions.Trx.TestLogger.dll
TpTrace Verbose: 0 : 32184, 1, 2023/04/04, 03:41:48.483, 3719228154137, vstest.console.dll, TestPluginCache.GetExtensionPaths: Added unfilterableExtensionPaths: 
TpTrace Verbose: 0 : 32184, 1, 2023/04/04, 03:41:48.483, 3719228154817, vstest.console.dll, TestPluginCache.DiscoverTestExtensions: Discovering the extensions using allExtensionPaths: C:\Program Files\dotnet\sdk\7.0.202\Extensions\Microsoft.Diagnostics.NETCore.Client.dll
C:\Program Files\dotnet\sdk\7.0.202\Extensions\Microsoft.TestPlatform.Extensions.BlameDataCollector.dll
C:\Program Files\dotnet\sdk\7.0.202\Extensions\Microsoft.TestPlatform.Extensions.EventLogCollector.dll
C:\Program Files\dotnet\sdk\7.0.202\Extensions\Microsoft.TestPlatform.TestHostRuntimeProvider.dll
C:\Program Files\dotnet\sdk\7.0.202\Extensions\Microsoft.VisualStudio.TestPlatform.Extensions.Html.TestLogger.dll
C:\Program Files\dotnet\sdk\7.0.202\Extensions\Microsoft.VisualStudio.TestPlatform.Extensions.Trx.TestLogger.dll
TpTrace Information: 0 : 32184, 1, 2023/04/04, 03:41:48.483, 3719228155935, vstest.console.dll, AssemblyResolver.AddSearchDirectories: Adding more searchDirectories C:\Program Files\dotnet\sdk\7.0.202\Extensions,C:\Program Files\dotnet\sdk\7.0.202
TpTrace Information: 0 : 32184, 1, 2023/04/04, 03:41:48.483, 3719228156541, vstest.console.dll, AssemblyResolver.AddSearchDirectories: Adding more searchDirectories C:\Program Files\dotnet\sdk\7.0.202\Extensions,C:\Program Files\dotnet\sdk\7.0.202
TpTrace Information: 0 : 32184, 1, 2023/04/04, 03:41:48.483, 3719228156910, vstest.console.dll, AssemblyResolver.AddSearchDirectories: Adding more searchDirectories C:\Program Files\dotnet\sdk\7.0.202\Extensions,C:\Program Files\dotnet\sdk\7.0.202
TpTrace Information: 0 : 32184, 1, 2023/04/04, 03:41:48.483, 3719228157168, vstest.console.dll, AssemblyResolver.AddSearchDirectories: Adding more searchDirectories C:\Program Files\dotnet\sdk\7.0.202\Extensions,C:\Program Files\dotnet\sdk\7.0.202
TpTrace Information: 0 : 32184, 1, 2023/04/04, 03:41:48.483, 3719228157410, vstest.console.dll, AssemblyResolver.AddSearchDirectories: Adding more searchDirectories C:\Program Files\dotnet\sdk\7.0.202\Extensions,C:\Program Files\dotnet\sdk\7.0.202
TpTrace Information: 0 : 32184, 1, 2023/04/04, 03:41:48.483, 3719228157686, vstest.console.dll, AssemblyResolver.AddSearchDirectories: Adding more searchDirectories C:\Program Files\dotnet\sdk\7.0.202\Extensions,C:\Program Files\dotnet\sdk\7.0.202
TpTrace Information: 0 : 32184, 1, 2023/04/04, 03:41:48.484, 3719228159829, vstest.console.dll, AssemblyResolver.OnResolve: Microsoft.Diagnostics.NETCore.Client: Resolving assembly.
TpTrace Information: 0 : 32184, 1, 2023/04/04, 03:41:48.484, 3719228160461, vstest.console.dll, AssemblyResolver.OnResolve: Microsoft.Diagnostics.NETCore.Client: Searching in: 'C:\Program Files\dotnet\sdk\7.0.202\Extensions'.
TpTrace Information: 0 : 32184, 1, 2023/04/04, 03:41:48.488, 3719228204868, vstest.console.dll, AssemblyResolver.OnResolve: Microsoft.Diagnostics.NETCore.Client: Loading assembly 'C:\Program Files\dotnet\sdk\7.0.202\Extensions\Microsoft.Diagnostics.NETCore.Client.dll'.
TpTrace Information: 0 : 32184, 1, 2023/04/04, 03:41:48.489, 3719228208193, vstest.console.dll, AssemblyResolver.OnResolve: Resolved assembly: Microsoft.Diagnostics.NETCore.Client, from path: C:\Program Files\dotnet\sdk\7.0.202\Extensions\Microsoft.Diagnostics.NETCore.Client.dll
TpTrace Verbose: 0 : 32184, 1, 2023/04/04, 03:41:48.489, 3719228215782, vstest.console.dll, MetadataReaderExtensionsHelper: Discovering extensions inside assembly 'Microsoft.Diagnostics.NETCore.Client, Version=0.2.6.42401, Culture=neutral, PublicKeyToken=31bf3856ad364e35' file path 'C:\Program Files\dotnet\sdk\7.0.202\Extensions\Microsoft.Diagnostics.NETCore.Client.dll'
TpTrace Information: 0 : 32184, 1, 2023/04/04, 03:41:48.492, 3719228239319, vstest.console.dll, AssemblyResolver.OnResolve: Microsoft.Bcl.AsyncInterfaces: Resolving assembly.
TpTrace Information: 0 : 32184, 1, 2023/04/04, 03:41:48.492, 3719228239867, vstest.console.dll, AssemblyResolver.OnResolve: Microsoft.Bcl.AsyncInterfaces: Searching in: 'C:\Program Files\dotnet\sdk\7.0.202\Extensions'.
TpTrace Information: 0 : 32184, 1, 2023/04/04, 03:41:48.492, 3719228240373, vstest.console.dll, AssemblyResolver.OnResolve: Microsoft.Bcl.AsyncInterfaces: Assembly path does not exist: 'C:\Program Files\dotnet\sdk\7.0.202\Extensions\Microsoft.Bcl.AsyncInterfaces.dll', returning.
TpTrace Information: 0 : 32184, 1, 2023/04/04, 03:41:48.492, 3719228241349, vstest.console.dll, AssemblyResolver.OnResolve: Microsoft.Bcl.AsyncInterfaces: Assembly path does not exist: 'C:\Program Files\dotnet\sdk\7.0.202\Extensions\Microsoft.Bcl.AsyncInterfaces.exe', returning.
TpTrace Information: 0 : 32184, 1, 2023/04/04, 03:41:48.492, 3719228241732, vstest.console.dll, AssemblyResolver.OnResolve: Microsoft.Bcl.AsyncInterfaces: Searching in: 'C:\Program Files\dotnet\sdk\7.0.202'.
TpTrace Information: 0 : 32184, 1, 2023/04/04, 03:41:48.492, 3719228242170, vstest.console.dll, AssemblyResolver.OnResolve: Microsoft.Bcl.AsyncInterfaces: Assembly path does not exist: 'C:\Program Files\dotnet\sdk\7.0.202\Microsoft.Bcl.AsyncInterfaces.dll', returning.
TpTrace Information: 0 : 32184, 1, 2023/04/04, 03:41:48.492, 3719228242590, vstest.console.dll, AssemblyResolver.OnResolve: Microsoft.Bcl.AsyncInterfaces: Assembly path does not exist: 'C:\Program Files\dotnet\sdk\7.0.202\Microsoft.Bcl.AsyncInterfaces.exe', returning.
TpTrace Information: 0 : 32184, 1, 2023/04/04, 03:41:48.492, 3719228242888, vstest.console.dll, AssemblyResolver.OnResolve: Microsoft.Bcl.AsyncInterfaces: Failed to load assembly.
TpTrace Verbose: 0 : 32184, 1, 2023/04/04, 03:41:48.492, 3719228243169, vstest.console.dll, CurrentDomainAssemblyResolve: Resolving assembly 'Microsoft.Bcl.AsyncInterfaces'.
TpTrace Information: 0 : 32184, 1, 2023/04/04, 03:41:48.492, 3719228243568, vstest.console.dll, AssemblyResolver.OnResolve: Microsoft.Bcl.AsyncInterfaces: Resolving assembly.
TpTrace Information: 0 : 32184, 1, 2023/04/04, 03:41:48.492, 3719228243878, vstest.console.dll, AssemblyResolver.OnResolve: Microsoft.Bcl.AsyncInterfaces: Resolved from cache.
TpTrace Verbose: 0 : 32184, 1, 2023/04/04, 03:41:48.492, 3719228244124, vstest.console.dll, CurrentDomainAssemblyResolve: Resolving assembly 'Microsoft.Bcl.AsyncInterfaces'.
TpTrace Verbose: 0 : 32184, 1, 2023/04/04, 03:41:48.492, 3719228244474, vstest.console.dll, CurrentDomainAssemblyResolve: Failed to resolve assembly 'Microsoft.Bcl.AsyncInterfaces'.
TpTrace Verbose: 0 : 32184, 1, 2023/04/04, 03:41:48.493, 3719228248605, vstest.console.dll, CurrentDomainAssemblyResolve: Failed to resolve assembly 'Microsoft.Bcl.AsyncInterfaces'.
TpTrace Warning: 0 : 32184, 1, 2023/04/04, 03:41:48.497, 3719228291014, vstest.console.dll, TestPluginDiscoverer: Failed to get types from assembly 'Microsoft.Diagnostics.NETCore.Client, Version=0.2.6.42401, Culture=neutral, PublicKeyToken=31bf3856ad364e35'. Error: System.Reflection.ReflectionTypeLoadException: Unable to load one or more of the requested types.
Could not load file or assembly 'Microsoft.Bcl.AsyncInterfaces, Version=1.0.0.0, Culture=neutral, PublicKeyToken=cc7b13ffcd2ddd51'. O sistema não pode encontrar o arquivo especificado.
   at System.Reflection.RuntimeModule.GetTypes(RuntimeModule module)
   at System.Reflection.Assembly.GetTypes()
   at Microsoft.VisualStudio.TestPlatform.Common.ExtensionFramework.TestPluginDiscoverer.GetTestExtensionsFromAssembly[TPluginInfo,TExtension](Assembly assembly, Dictionary`2 pluginInfos, String filePath)
System.IO.FileNotFoundException: Could not load file or assembly 'Microsoft.Bcl.AsyncInterfaces, Version=1.0.0.0, Culture=neutral, PublicKeyToken=cc7b13ffcd2ddd51'. O sistema não pode encontrar o arquivo especificado.
File name: 'Microsoft.Bcl.AsyncInterfaces, Version=1.0.0.0, Culture=neutral, PublicKeyToken=cc7b13ffcd2ddd51'
 ---> System.IO.FileNotFoundException: Could not load file or assembly 'Microsoft.Bcl.AsyncInterfaces, Culture=neutral, PublicKeyToken=null'. O sistema não pode encontrar o arquivo especificado.
File name: 'Microsoft.Bcl.AsyncInterfaces, Culture=neutral, PublicKeyToken=null'
   at System.Reflection.RuntimeAssembly.InternalLoad(AssemblyName assemblyName, StackCrawlMark& stackMark, AssemblyLoadContext assemblyLoadContext, RuntimeAssembly requestingAssembly, Boolean throwOnFileNotFound)
   at System.Reflection.Assembly.Load(AssemblyName assemblyRef)
   at Microsoft.VisualStudio.TestPlatform.Common.ExtensionFramework.TestPluginCache.CurrentDomainAssemblyResolve(Object sender, AssemblyResolveEventArgs args)
   at System.Runtime.Loader.AssemblyLoadContext.GetFirstResolvedAssemblyFromResolvingEvent(AssemblyName assemblyName)
   at System.Runtime.Loader.AssemblyLoadContext.ResolveUsingEvent(AssemblyName assemblyName)
   at System.Runtime.Loader.AssemblyLoadContext.ResolveUsingResolvingEvent(IntPtr gchManagedAssemblyLoadContext, AssemblyName assemblyName)
TpTrace Warning: 0 : 32184, 1, 2023/04/04, 03:41:48.497, 3719228293313, vstest.console.dll, LoaderExceptions: System.IO.FileNotFoundException: Could not load file or assembly 'Microsoft.Bcl.AsyncInterfaces, Version=1.0.0.0, Culture=neutral, PublicKeyToken=cc7b13ffcd2ddd51'. O sistema não pode encontrar o arquivo especificado.
File name: 'Microsoft.Bcl.AsyncInterfaces, Version=1.0.0.0, Culture=neutral, PublicKeyToken=cc7b13ffcd2ddd51'
 ---> System.IO.FileNotFoundException: Could not load file or assembly 'Microsoft.Bcl.AsyncInterfaces, Culture=neutral, PublicKeyToken=null'. O sistema não pode encontrar o arquivo especificado.
File name: 'Microsoft.Bcl.AsyncInterfaces, Culture=neutral, PublicKeyToken=null'
   at System.Reflection.RuntimeAssembly.InternalLoad(AssemblyName assemblyName, StackCrawlMark& stackMark, AssemblyLoadContext assemblyLoadContext, RuntimeAssembly requestingAssembly, Boolean throwOnFileNotFound)
   at System.Reflection.Assembly.Load(AssemblyName assemblyRef)
   at Microsoft.VisualStudio.TestPlatform.Common.ExtensionFramework.TestPluginCache.CurrentDomainAssemblyResolve(Object sender, AssemblyResolveEventArgs args)
   at System.Runtime.Loader.AssemblyLoadContext.GetFirstResolvedAssemblyFromResolvingEvent(AssemblyName assemblyName)
   at System.Runtime.Loader.AssemblyLoadContext.ResolveUsingEvent(AssemblyName assemblyName)
   at System.Runtime.Loader.AssemblyLoadContext.ResolveUsingResolvingEvent(IntPtr gchManagedAssemblyLoadContext, AssemblyName assemblyName)
TpTrace Information: 0 : 32184, 1, 2023/04/04, 03:41:48.497, 3719228294526, vstest.console.dll, AssemblyResolver.OnResolve: Microsoft.TestPlatform.Extensions.BlameDataCollector: Resolving assembly.
TpTrace Information: 0 : 32184, 1, 2023/04/04, 03:41:48.497, 3719228294975, vstest.console.dll, AssemblyResolver.OnResolve: Microsoft.TestPlatform.Extensions.BlameDataCollector: Searching in: 'C:\Program Files\dotnet\sdk\7.0.202\Extensions'.
TpTrace Information: 0 : 32184, 1, 2023/04/04, 03:41:48.497, 3719228296968, vstest.console.dll, AssemblyResolver.OnResolve: Microsoft.TestPlatform.Extensions.BlameDataCollector: Loading assembly 'C:\Program Files\dotnet\sdk\7.0.202\Extensions\Microsoft.TestPlatform.Extensions.BlameDataCollector.dll'.
TpTrace Information: 0 : 32184, 1, 2023/04/04, 03:41:48.498, 3719228299690, vstest.console.dll, AssemblyResolver.OnResolve: Resolved assembly: Microsoft.TestPlatform.Extensions.BlameDataCollector, from path: C:\Program Files\dotnet\sdk\7.0.202\Extensions\Microsoft.TestPlatform.Extensions.BlameDataCollector.dll
TpTrace Verbose: 0 : 32184, 1, 2023/04/04, 03:41:48.498, 3719228300288, vstest.console.dll, MetadataReaderExtensionsHelper: Discovering extensions inside assembly 'Microsoft.TestPlatform.Extensions.BlameDataCollector, Version=15.0.0.0, Culture=neutral, PublicKeyToken=b03f5f7f11d50a3a' file path 'C:\Program Files\dotnet\sdk\7.0.202\Extensions\Microsoft.TestPlatform.Extensions.BlameDataCollector.dll'
TpTrace Information: 0 : 32184, 1, 2023/04/04, 03:41:48.499, 3719228308746, vstest.console.dll, AssemblyResolver.OnResolve: Microsoft.TestPlatform.Extensions.EventLogCollector: Resolving assembly.
TpTrace Information: 0 : 32184, 1, 2023/04/04, 03:41:48.499, 3719228309271, vstest.console.dll, AssemblyResolver.OnResolve: Microsoft.TestPlatform.Extensions.EventLogCollector: Searching in: 'C:\Program Files\dotnet\sdk\7.0.202\Extensions'.
TpTrace Information: 0 : 32184, 1, 2023/04/04, 03:41:48.499, 3719228311154, vstest.console.dll, AssemblyResolver.OnResolve: Microsoft.TestPlatform.Extensions.EventLogCollector: Loading assembly 'C:\Program Files\dotnet\sdk\7.0.202\Extensions\Microsoft.TestPlatform.Extensions.EventLogCollector.dll'.
TpTrace Information: 0 : 32184, 1, 2023/04/04, 03:41:48.499, 3719228313463, vstest.console.dll, AssemblyResolver.OnResolve: Resolved assembly: Microsoft.TestPlatform.Extensions.EventLogCollector, from path: C:\Program Files\dotnet\sdk\7.0.202\Extensions\Microsoft.TestPlatform.Extensions.EventLogCollector.dll
TpTrace Verbose: 0 : 32184, 1, 2023/04/04, 03:41:48.499, 3719228313991, vstest.console.dll, MetadataReaderExtensionsHelper: Discovering extensions inside assembly 'Microsoft.TestPlatform.Extensions.EventLogCollector, Version=15.0.0.0, Culture=neutral, PublicKeyToken=b03f5f7f11d50a3a' file path 'C:\Program Files\dotnet\sdk\7.0.202\Extensions\Microsoft.TestPlatform.Extensions.EventLogCollector.dll'
TpTrace Information: 0 : 32184, 1, 2023/04/04, 03:41:48.500, 3719228324946, vstest.console.dll, AssemblyResolver.OnResolve: Microsoft.TestPlatform.TestHostRuntimeProvider: Resolving assembly.
TpTrace Information: 0 : 32184, 1, 2023/04/04, 03:41:48.500, 3719228325486, vstest.console.dll, AssemblyResolver.OnResolve: Microsoft.TestPlatform.TestHostRuntimeProvider: Searching in: 'C:\Program Files\dotnet\sdk\7.0.202\Extensions'.
TpTrace Information: 0 : 32184, 1, 2023/04/04, 03:41:48.500, 3719228327107, vstest.console.dll, AssemblyResolver.OnResolve: Microsoft.TestPlatform.TestHostRuntimeProvider: Loading assembly 'C:\Program Files\dotnet\sdk\7.0.202\Extensions\Microsoft.TestPlatform.TestHostRuntimeProvider.dll'.
TpTrace Information: 0 : 32184, 1, 2023/04/04, 03:41:48.501, 3719228329513, vstest.console.dll, AssemblyResolver.OnResolve: Resolved assembly: Microsoft.TestPlatform.TestHostRuntimeProvider, from path: C:\Program Files\dotnet\sdk\7.0.202\Extensions\Microsoft.TestPlatform.TestHostRuntimeProvider.dll
TpTrace Verbose: 0 : 32184, 1, 2023/04/04, 03:41:48.501, 3719228330030, vstest.console.dll, MetadataReaderExtensionsHelper: Discovering extensions inside assembly 'Microsoft.TestPlatform.TestHostRuntimeProvider, Version=15.0.0.0, Culture=neutral, PublicKeyToken=b03f5f7f11d50a3a' file path 'C:\Program Files\dotnet\sdk\7.0.202\Extensions\Microsoft.TestPlatform.TestHostRuntimeProvider.dll'
TpTrace Information: 0 : 32184, 1, 2023/04/04, 03:41:48.502, 3719228339888, vstest.console.dll, GetTestExtensionFromType: Register extension with identifier data 'HostProvider://DefaultTestHost' and type 'Microsoft.VisualStudio.TestPlatform.CrossPlatEngine.Hosting.DefaultTestHostManager, Microsoft.TestPlatform.TestHostRuntimeProvider, Version=15.0.0.0, Culture=neutral, PublicKeyToken=b03f5f7f11d50a3a' inside file 'C:\Program Files\dotnet\sdk\7.0.202\Extensions\Microsoft.TestPlatform.TestHostRuntimeProvider.dll'
TpTrace Information: 0 : 32184, 1, 2023/04/04, 03:41:48.502, 3719228341703, vstest.console.dll, GetTestExtensionFromType: Register extension with identifier data 'HostProvider://DotnetTestHost' and type 'Microsoft.VisualStudio.TestPlatform.CrossPlatEngine.Hosting.DotnetTestHostManager, Microsoft.TestPlatform.TestHostRuntimeProvider, Version=15.0.0.0, Culture=neutral, PublicKeyToken=b03f5f7f11d50a3a' inside file 'C:\Program Files\dotnet\sdk\7.0.202\Extensions\Microsoft.TestPlatform.TestHostRuntimeProvider.dll'
TpTrace Information: 0 : 32184, 1, 2023/04/04, 03:41:48.502, 3719228342311, vstest.console.dll, AssemblyResolver.OnResolve: Microsoft.VisualStudio.TestPlatform.Extensions.Html.TestLogger: Resolving assembly.
TpTrace Information: 0 : 32184, 1, 2023/04/04, 03:41:48.502, 3719228342644, vstest.console.dll, AssemblyResolver.OnResolve: Microsoft.VisualStudio.TestPlatform.Extensions.Html.TestLogger: Searching in: 'C:\Program Files\dotnet\sdk\7.0.202\Extensions'.
TpTrace Information: 0 : 32184, 1, 2023/04/04, 03:41:48.502, 3719228344404, vstest.console.dll, AssemblyResolver.OnResolve: Microsoft.VisualStudio.TestPlatform.Extensions.Html.TestLogger: Loading assembly 'C:\Program Files\dotnet\sdk\7.0.202\Extensions\Microsoft.VisualStudio.TestPlatform.Extensions.Html.TestLogger.dll'.
TpTrace Information: 0 : 32184, 1, 2023/04/04, 03:41:48.502, 3719228346777, vstest.console.dll, AssemblyResolver.OnResolve: Resolved assembly: Microsoft.VisualStudio.TestPlatform.Extensions.Html.TestLogger, from path: C:\Program Files\dotnet\sdk\7.0.202\Extensions\Microsoft.VisualStudio.TestPlatform.Extensions.Html.TestLogger.dll
TpTrace Verbose: 0 : 32184, 1, 2023/04/04, 03:41:48.502, 3719228347317, vstest.console.dll, MetadataReaderExtensionsHelper: Discovering extensions inside assembly 'Microsoft.VisualStudio.TestPlatform.Extensions.Html.TestLogger, Version=15.0.0.0, Culture=neutral, PublicKeyToken=b03f5f7f11d50a3a' file path 'C:\Program Files\dotnet\sdk\7.0.202\Extensions\Microsoft.VisualStudio.TestPlatform.Extensions.Html.TestLogger.dll'
TpTrace Information: 0 : 32184, 1, 2023/04/04, 03:41:48.503, 3719228351429, vstest.console.dll, AssemblyResolver.OnResolve: Microsoft.VisualStudio.TestPlatform.Extensions.Trx.TestLogger: Resolving assembly.
TpTrace Information: 0 : 32184, 1, 2023/04/04, 03:41:48.503, 3719228351940, vstest.console.dll, AssemblyResolver.OnResolve: Microsoft.VisualStudio.TestPlatform.Extensions.Trx.TestLogger: Searching in: 'C:\Program Files\dotnet\sdk\7.0.202\Extensions'.
TpTrace Information: 0 : 32184, 1, 2023/04/04, 03:41:48.503, 3719228353593, vstest.console.dll, AssemblyResolver.OnResolve: Microsoft.VisualStudio.TestPlatform.Extensions.Trx.TestLogger: Loading assembly 'C:\Program Files\dotnet\sdk\7.0.202\Extensions\Microsoft.VisualStudio.TestPlatform.Extensions.Trx.TestLogger.dll'.
TpTrace Information: 0 : 32184, 1, 2023/04/04, 03:41:48.503, 3719228356212, vstest.console.dll, AssemblyResolver.OnResolve: Resolved assembly: Microsoft.VisualStudio.TestPlatform.Extensions.Trx.TestLogger, from path: C:\Program Files\dotnet\sdk\7.0.202\Extensions\Microsoft.VisualStudio.TestPlatform.Extensions.Trx.TestLogger.dll
TpTrace Verbose: 0 : 32184, 1, 2023/04/04, 03:41:48.503, 3719228356742, vstest.console.dll, MetadataReaderExtensionsHelper: Discovering extensions inside assembly 'Microsoft.VisualStudio.TestPlatform.Extensions.Trx.TestLogger, Version=15.0.0.0, Culture=neutral, PublicKeyToken=b03f5f7f11d50a3a' file path 'C:\Program Files\dotnet\sdk\7.0.202\Extensions\Microsoft.VisualStudio.TestPlatform.Extensions.Trx.TestLogger.dll'
TpTrace Verbose: 0 : 32184, 1, 2023/04/04, 03:41:48.504, 3719228362859, vstest.console.dll, TestPluginCache: Discovered the extensions using extension path ''.
TpTrace Verbose: 0 : 32184, 1, 2023/04/04, 03:41:48.504, 3719228363356, vstest.console.dll, TestPluginCache: Discoverers are ''.
TpTrace Verbose: 0 : 32184, 1, 2023/04/04, 03:41:48.504, 3719228363607, vstest.console.dll, TestPluginCache: Executors are ''.
TpTrace Verbose: 0 : 32184, 1, 2023/04/04, 03:41:48.504, 3719228363820, vstest.console.dll, TestPluginCache: Executors2 are ''.
TpTrace Verbose: 0 : 32184, 1, 2023/04/04, 03:41:48.504, 3719228364028, vstest.console.dll, TestPluginCache: Setting providers are ''.
TpTrace Verbose: 0 : 32184, 1, 2023/04/04, 03:41:48.504, 3719228364231, vstest.console.dll, TestPluginCache: Loggers are ''.
TpTrace Verbose: 0 : 32184, 1, 2023/04/04, 03:41:48.504, 3719228365075, vstest.console.dll, TestPluginCache: TestHosts are 'HostProvider://DefaultTestHost,HostProvider://DotnetTestHost'.
TpTrace Verbose: 0 : 32184, 1, 2023/04/04, 03:41:48.504, 3719228365439, vstest.console.dll, TestPluginCache: DataCollectors are ''.
TpTrace Information: 0 : 32184, 1, 2023/04/04, 03:41:48.510, 3719228426469, vstest.console.dll, RunTestsArgumentProcessor:Execute: Test run is starting.
TpTrace Verbose: 0 : 32184, 1, 2023/04/04, 03:41:48.510, 3719228427069, vstest.console.dll, RunTestsArgumentProcessor:Execute: Queuing Test run.
TpTrace Information: 0 : 32184, 1, 2023/04/04, 03:41:48.511, 3719228428901, vstest.console.dll, TestRequestManager.RunTests: run tests started.
TpTrace Information: 0 : 32184, 1, 2023/04/04, 03:41:48.515, 3719228475405, vstest.console.dll, AssemblyMetadataProvider.GetFrameworkName: Determined framework:'.NETCoreApp,Version=v3.1' for source: 'D:\Users\magic\Downloads\SistemaCompras-v3\SistemaCompra.Domain.Test\bin\Debug\netcoreapp3.1\fine-code-coverage\build-output\SistemaCompra.Domain.Test.dll'
TpTrace Information: 0 : 32184, 1, 2023/04/04, 03:41:48.515, 3719228476814, vstest.console.dll, Determined framework for all sources: .NETCoreApp,Version=v3.1
TpTrace Verbose: 0 : 32184, 1, 2023/04/04, 03:41:48.516, 3719228479640, vstest.console.dll, TestRequestManager.UpdateRunSettingsIfRequired: Default architecture: X64 IsDefaultTargetArchitecture: True, Current process architecture: X64 OperatingSystem: Windows.
TpTrace Information: 0 : 32184, 1, 2023/04/04, 03:41:48.517, 3719228490772, vstest.console.dll, AssemblyMetadataProvider.GetArchitecture: Determined architecture:AnyCPU info for assembly: D:\Users\magic\Downloads\SistemaCompras-v3\SistemaCompra.Domain.Test\bin\Debug\netcoreapp3.1\fine-code-coverage\build-output\SistemaCompra.Domain.Test.dll
TpTrace Information: 0 : 32184, 1, 2023/04/04, 03:41:48.517, 3719228491298, vstest.console.dll, Determined platform for source 'D:\Users\magic\Downloads\SistemaCompras-v3\SistemaCompra.Domain.Test\bin\Debug\netcoreapp3.1\fine-code-coverage\build-output\SistemaCompra.Domain.Test.dll' was AnyCPU and it will use the default plaform X64.
TpTrace Information: 0 : 32184, 1, 2023/04/04, 03:41:48.517, 3719228491677, vstest.console.dll, None of the sources provided any runnable platform, using the default platform: X64
TpTrace Information: 0 : 32184, 1, 2023/04/04, 03:41:48.517, 3719228492318, vstest.console.dll, Platform was updated to 'X64'.
TpTrace Information: 0 : 32184, 1, 2023/04/04, 03:41:48.519, 3719228513793, vstest.console.dll, InferRunSettingsHelper.IsTestSettingsEnabled: Unable to navigate to RunSettings/MSTest. Current node: RunSettings
TpTrace Information: 0 : 32184, 1, 2023/04/04, 03:41:48.519, 3719228517802, vstest.console.dll, AssemblyResolver.OnResolve: Microsoft.VisualStudio.TestPlatform.Fakes: Resolving assembly.
TpTrace Information: 0 : 32184, 1, 2023/04/04, 03:41:48.520, 3719228518374, vstest.console.dll, AssemblyResolver.OnResolve: Microsoft.VisualStudio.TestPlatform.Fakes: Searching in: 'C:\Program Files\dotnet\sdk\7.0.202\Extensions'.
TpTrace Information: 0 : 32184, 1, 2023/04/04, 03:41:48.520, 3719228519023, vstest.console.dll, AssemblyResolver.OnResolve: Microsoft.VisualStudio.TestPlatform.Fakes: Assembly path does not exist: 'C:\Program Files\dotnet\sdk\7.0.202\Extensions\Microsoft.VisualStudio.TestPlatform.Fakes.dll', returning.
TpTrace Information: 0 : 32184, 1, 2023/04/04, 03:41:48.520, 3719228519498, vstest.console.dll, AssemblyResolver.OnResolve: Microsoft.VisualStudio.TestPlatform.Fakes: Assembly path does not exist: 'C:\Program Files\dotnet\sdk\7.0.202\Extensions\Microsoft.VisualStudio.TestPlatform.Fakes.exe', returning.
TpTrace Information: 0 : 32184, 1, 2023/04/04, 03:41:48.520, 3719228519789, vstest.console.dll, AssemblyResolver.OnResolve: Microsoft.VisualStudio.TestPlatform.Fakes: Searching in: 'C:\Program Files\dotnet\sdk\7.0.202'.
TpTrace Information: 0 : 32184, 1, 2023/04/04, 03:41:48.520, 3719228520234, vstest.console.dll, AssemblyResolver.OnResolve: Microsoft.VisualStudio.TestPlatform.Fakes: Assembly path does not exist: 'C:\Program Files\dotnet\sdk\7.0.202\Microsoft.VisualStudio.TestPlatform.Fakes.dll', returning.
TpTrace Information: 0 : 32184, 1, 2023/04/04, 03:41:48.520, 3719228520770, vstest.console.dll, AssemblyResolver.OnResolve: Microsoft.VisualStudio.TestPlatform.Fakes: Assembly path does not exist: 'C:\Program Files\dotnet\sdk\7.0.202\Microsoft.VisualStudio.TestPlatform.Fakes.exe', returning.
TpTrace Information: 0 : 32184, 1, 2023/04/04, 03:41:48.520, 3719228521097, vstest.console.dll, AssemblyResolver.OnResolve: Microsoft.VisualStudio.TestPlatform.Fakes: Failed to load assembly.
TpTrace Information: 0 : 32184, 1, 2023/04/04, 03:41:48.520, 3719228522788, vstest.console.dll, Failed to load assembly Microsoft.VisualStudio.TestPlatform.Fakes, Version=17.0.0.0, Culture=neutral. Reason:System.IO.FileNotFoundException: Could not load file or assembly 'Microsoft.VisualStudio.TestPlatform.Fakes, Version=17.0.0.0, Culture=neutral, PublicKeyToken=null'. O sistema não pode encontrar o arquivo especificado.
File name: 'Microsoft.VisualStudio.TestPlatform.Fakes, Version=17.0.0.0, Culture=neutral, PublicKeyToken=null'
   at System.Reflection.RuntimeAssembly.InternalLoad(AssemblyName assemblyName, StackCrawlMark& stackMark, AssemblyLoadContext assemblyLoadContext, RuntimeAssembly requestingAssembly, Boolean throwOnFileNotFound)
   at System.Reflection.Assembly.Load(AssemblyName assemblyRef)
   at Microsoft.VisualStudio.TestPlatform.Common.Utilities.FakesUtilities.LoadTestPlatformAssembly()
TpTrace Verbose: 0 : 32184, 1, 2023/04/04, 03:41:48.522, 3719228544042, vstest.console.dll, TestPluginCache.DiscoverTestExtensions: finding test extensions in assemblies ends with: TestLogger.dll TPluginInfo: Microsoft.VisualStudio.TestPlatform.Common.ExtensionFramework.Utilities.TestLoggerPluginInformation TExtension: Microsoft.VisualStudio.TestPlatform.ObjectModel.Client.ITestLogger
TpTrace Verbose: 0 : 32184, 1, 2023/04/04, 03:41:48.522, 3719228544757, vstest.console.dll, TestPluginCache.GetExtensionPaths: Filtered extension paths: 
TpTrace Verbose: 0 : 32184, 1, 2023/04/04, 03:41:48.522, 3719228545086, vstest.console.dll, TestPluginCache.GetExtensionPaths: Added default extension paths: C:\Program Files\dotnet\sdk\7.0.202\Extensions\Microsoft.Diagnostics.NETCore.Client.dll
C:\Program Files\dotnet\sdk\7.0.202\Extensions\Microsoft.TestPlatform.Extensions.BlameDataCollector.dll
C:\Program Files\dotnet\sdk\7.0.202\Extensions\Microsoft.TestPlatform.Extensions.EventLogCollector.dll
C:\Program Files\dotnet\sdk\7.0.202\Extensions\Microsoft.TestPlatform.TestHostRuntimeProvider.dll
C:\Program Files\dotnet\sdk\7.0.202\Extensions\Microsoft.VisualStudio.TestPlatform.Extensions.Html.TestLogger.dll
C:\Program Files\dotnet\sdk\7.0.202\Extensions\Microsoft.VisualStudio.TestPlatform.Extensions.Trx.TestLogger.dll
TpTrace Verbose: 0 : 32184, 1, 2023/04/04, 03:41:48.522, 3719228545361, vstest.console.dll, TestPluginCache.GetExtensionPaths: Added unfilterableExtensionPaths: 
TpTrace Information: 0 : 32184, 1, 2023/04/04, 03:41:48.522, 3719228546187, vstest.console.dll, AssemblyResolver.AddSearchDirectories: Adding more searchDirectories C:\Program Files\dotnet\sdk\7.0.202\Extensions,C:\Program Files\dotnet\sdk\7.0.202
TpTrace Verbose: 0 : 32184, 1, 2023/04/04, 03:41:48.522, 3719228546577, vstest.console.dll, TestPluginCache.DiscoverTestExtensions: Discovering the extensions using extension path.
TpTrace Verbose: 0 : 32184, 1, 2023/04/04, 03:41:48.522, 3719228546871, vstest.console.dll, TestPluginCache.GetExtensionPaths: Filtered extension paths: 
TpTrace Verbose: 0 : 32184, 1, 2023/04/04, 03:41:48.522, 3719228547158, vstest.console.dll, TestPluginCache.GetExtensionPaths: Added default extension paths: C:\Program Files\dotnet\sdk\7.0.202\Extensions\Microsoft.Diagnostics.NETCore.Client.dll
C:\Program Files\dotnet\sdk\7.0.202\Extensions\Microsoft.TestPlatform.Extensions.BlameDataCollector.dll
C:\Program Files\dotnet\sdk\7.0.202\Extensions\Microsoft.TestPlatform.Extensions.EventLogCollector.dll
C:\Program Files\dotnet\sdk\7.0.202\Extensions\Microsoft.TestPlatform.TestHostRuntimeProvider.dll
C:\Program Files\dotnet\sdk\7.0.202\Extensions\Microsoft.VisualStudio.TestPlatform.Extensions.Html.TestLogger.dll
C:\Program Files\dotnet\sdk\7.0.202\Extensions\Microsoft.VisualStudio.TestPlatform.Extensions.Trx.TestLogger.dll
TpTrace Verbose: 0 : 32184, 1, 2023/04/04, 03:41:48.522, 3719228547396, vstest.console.dll, TestPluginCache.GetExtensionPaths: Added unfilterableExtensionPaths: 
TpTrace Verbose: 0 : 32184, 1, 2023/04/04, 03:41:48.522, 3719228547655, vstest.console.dll, TestPluginCache.DiscoverTestExtensions: Discovering the extensions using allExtensionPaths: C:\Program Files\dotnet\sdk\7.0.202\Extensions\Microsoft.Diagnostics.NETCore.Client.dll
C:\Program Files\dotnet\sdk\7.0.202\Extensions\Microsoft.TestPlatform.Extensions.BlameDataCollector.dll
C:\Program Files\dotnet\sdk\7.0.202\Extensions\Microsoft.TestPlatform.Extensions.EventLogCollector.dll
C:\Program Files\dotnet\sdk\7.0.202\Extensions\Microsoft.TestPlatform.TestHostRuntimeProvider.dll
C:\Program Files\dotnet\sdk\7.0.202\Extensions\Microsoft.VisualStudio.TestPlatform.Extensions.Html.TestLogger.dll
C:\Program Files\dotnet\sdk\7.0.202\Extensions\Microsoft.VisualStudio.TestPlatform.Extensions.Trx.TestLogger.dll
TpTrace Information: 0 : 32184, 1, 2023/04/04, 03:41:48.523, 3719228548291, vstest.console.dll, AssemblyResolver.AddSearchDirectories: Adding more searchDirectories C:\Program Files\dotnet\sdk\7.0.202\Extensions,C:\Program Files\dotnet\sdk\7.0.202
TpTrace Information: 0 : 32184, 1, 2023/04/04, 03:41:48.523, 3719228548685, vstest.console.dll, AssemblyResolver.AddSearchDirectories: Adding more searchDirectories C:\Program Files\dotnet\sdk\7.0.202\Extensions,C:\Program Files\dotnet\sdk\7.0.202
TpTrace Information: 0 : 32184, 1, 2023/04/04, 03:41:48.523, 3719228548946, vstest.console.dll, AssemblyResolver.AddSearchDirectories: Adding more searchDirectories C:\Program Files\dotnet\sdk\7.0.202\Extensions,C:\Program Files\dotnet\sdk\7.0.202
TpTrace Information: 0 : 32184, 1, 2023/04/04, 03:41:48.523, 3719228549189, vstest.console.dll, AssemblyResolver.AddSearchDirectories: Adding more searchDirectories C:\Program Files\dotnet\sdk\7.0.202\Extensions,C:\Program Files\dotnet\sdk\7.0.202
TpTrace Information: 0 : 32184, 1, 2023/04/04, 03:41:48.523, 3719228549451, vstest.console.dll, AssemblyResolver.AddSearchDirectories: Adding more searchDirectories C:\Program Files\dotnet\sdk\7.0.202\Extensions,C:\Program Files\dotnet\sdk\7.0.202
TpTrace Information: 0 : 32184, 1, 2023/04/04, 03:41:48.523, 3719228549694, vstest.console.dll, AssemblyResolver.AddSearchDirectories: Adding more searchDirectories C:\Program Files\dotnet\sdk\7.0.202\Extensions,C:\Program Files\dotnet\sdk\7.0.202
TpTrace Verbose: 0 : 32184, 1, 2023/04/04, 03:41:48.523, 3719228550406, vstest.console.dll, MetadataReaderExtensionsHelper: Discovering extensions inside assembly 'Microsoft.Diagnostics.NETCore.Client, Version=0.2.6.42401, Culture=neutral, PublicKeyToken=31bf3856ad364e35' file path 'C:\Program Files\dotnet\sdk\7.0.202\Extensions\Microsoft.Diagnostics.NETCore.Client.dll'
TpTrace Information: 0 : 32184, 1, 2023/04/04, 03:41:48.523, 3719228554574, vstest.console.dll, AssemblyResolver.OnResolve: Microsoft.Bcl.AsyncInterfaces: Resolving assembly.
TpTrace Information: 0 : 32184, 1, 2023/04/04, 03:41:48.523, 3719228555044, vstest.console.dll, AssemblyResolver.OnResolve: Microsoft.Bcl.AsyncInterfaces: Resolved from cache.
TpTrace Verbose: 0 : 32184, 1, 2023/04/04, 03:41:48.523, 3719228555297, vstest.console.dll, CurrentDomainAssemblyResolve: Resolving assembly 'Microsoft.Bcl.AsyncInterfaces'.
TpTrace Information: 0 : 32184, 1, 2023/04/04, 03:41:48.523, 3719228555669, vstest.console.dll, AssemblyResolver.OnResolve: Microsoft.Bcl.AsyncInterfaces: Resolving assembly.
TpTrace Information: 0 : 32184, 1, 2023/04/04, 03:41:48.523, 3719228555924, vstest.console.dll, AssemblyResolver.OnResolve: Microsoft.Bcl.AsyncInterfaces: Resolved from cache.
TpTrace Verbose: 0 : 32184, 1, 2023/04/04, 03:41:48.523, 3719228556145, vstest.console.dll, CurrentDomainAssemblyResolve: Resolving assembly 'Microsoft.Bcl.AsyncInterfaces'.
TpTrace Verbose: 0 : 32184, 1, 2023/04/04, 03:41:48.523, 3719228556368, vstest.console.dll, CurrentDomainAssemblyResolve: Failed to resolve assembly 'Microsoft.Bcl.AsyncInterfaces'.
TpTrace Verbose: 0 : 32184, 1, 2023/04/04, 03:41:48.523, 3719228557359, vstest.console.dll, CurrentDomainAssemblyResolve: Failed to resolve assembly 'Microsoft.Bcl.AsyncInterfaces'.
TpTrace Warning: 0 : 32184, 1, 2023/04/04, 03:41:48.524, 3719228559467, vstest.console.dll, TestPluginDiscoverer: Failed to get types from assembly 'Microsoft.Diagnostics.NETCore.Client, Version=0.2.6.42401, Culture=neutral, PublicKeyToken=31bf3856ad364e35'. Error: System.Reflection.ReflectionTypeLoadException: Unable to load one or more of the requested types.
Could not load file or assembly 'Microsoft.Bcl.AsyncInterfaces, Version=1.0.0.0, Culture=neutral, PublicKeyToken=cc7b13ffcd2ddd51'. O sistema não pode encontrar o arquivo especificado.
   at System.Reflection.RuntimeModule.GetTypes(RuntimeModule module)
   at System.Reflection.Assembly.GetTypes()
   at Microsoft.VisualStudio.TestPlatform.Common.ExtensionFramework.TestPluginDiscoverer.GetTestExtensionsFromAssembly[TPluginInfo,TExtension](Assembly assembly, Dictionary`2 pluginInfos, String filePath)
System.IO.FileNotFoundException: Could not load file or assembly 'Microsoft.Bcl.AsyncInterfaces, Version=1.0.0.0, Culture=neutral, PublicKeyToken=cc7b13ffcd2ddd51'. O sistema não pode encontrar o arquivo especificado.
File name: 'Microsoft.Bcl.AsyncInterfaces, Version=1.0.0.0, Culture=neutral, PublicKeyToken=cc7b13ffcd2ddd51'
 ---> System.IO.FileNotFoundException: Could not load file or assembly 'Microsoft.Bcl.AsyncInterfaces, Culture=neutral, PublicKeyToken=null'. O sistema não pode encontrar o arquivo especificado.
File name: 'Microsoft.Bcl.AsyncInterfaces, Culture=neutral, PublicKeyToken=null'
   at System.Reflection.RuntimeAssembly.InternalLoad(AssemblyName assemblyName, StackCrawlMark& stackMark, AssemblyLoadContext assemblyLoadContext, RuntimeAssembly requestingAssembly, Boolean throwOnFileNotFound)
   at System.Reflection.Assembly.Load(AssemblyName assemblyRef)
   at Microsoft.VisualStudio.TestPlatform.Common.ExtensionFramework.TestPluginCache.CurrentDomainAssemblyResolve(Object sender, AssemblyResolveEventArgs args)
   at System.Runtime.Loader.AssemblyLoadContext.GetFirstResolvedAssemblyFromResolvingEvent(AssemblyName assemblyName)
   at System.Runtime.Loader.AssemblyLoadContext.ResolveUsingEvent(AssemblyName assemblyName)
   at System.Runtime.Loader.AssemblyLoadContext.ResolveUsingResolvingEvent(IntPtr gchManagedAssemblyLoadContext, AssemblyName assemblyName)
TpTrace Warning: 0 : 32184, 1, 2023/04/04, 03:41:48.524, 3719228560528, vstest.console.dll, LoaderExceptions: System.IO.FileNotFoundException: Could not load file or assembly 'Microsoft.Bcl.AsyncInterfaces, Version=1.0.0.0, Culture=neutral, PublicKeyToken=cc7b13ffcd2ddd51'. O sistema não pode encontrar o arquivo especificado.
File name: 'Microsoft.Bcl.AsyncInterfaces, Version=1.0.0.0, Culture=neutral, PublicKeyToken=cc7b13ffcd2ddd51'
 ---> System.IO.FileNotFoundException: Could not load file or assembly 'Microsoft.Bcl.AsyncInterfaces, Culture=neutral, PublicKeyToken=null'. O sistema não pode encontrar o arquivo especificado.
File name: 'Microsoft.Bcl.AsyncInterfaces, Culture=neutral, PublicKeyToken=null'
   at System.Reflection.RuntimeAssembly.InternalLoad(AssemblyName assemblyName, StackCrawlMark& stackMark, AssemblyLoadContext assemblyLoadContext, RuntimeAssembly requestingAssembly, Boolean throwOnFileNotFound)
   at System.Reflection.Assembly.Load(AssemblyName assemblyRef)
   at Microsoft.VisualStudio.TestPlatform.Common.ExtensionFramework.TestPluginCache.CurrentDomainAssemblyResolve(Object sender, AssemblyResolveEventArgs args)
   at System.Runtime.Loader.AssemblyLoadContext.GetFirstResolvedAssemblyFromResolvingEvent(AssemblyName assemblyName)
   at System.Runtime.Loader.AssemblyLoadContext.ResolveUsingEvent(AssemblyName assemblyName)
   at System.Runtime.Loader.AssemblyLoadContext.ResolveUsingResolvingEvent(IntPtr gchManagedAssemblyLoadContext, AssemblyName assemblyName)
TpTrace Verbose: 0 : 32184, 1, 2023/04/04, 03:41:48.524, 3719228561249, vstest.console.dll, MetadataReaderExtensionsHelper: Discovering extensions inside assembly 'Microsoft.TestPlatform.Extensions.BlameDataCollector, Version=15.0.0.0, Culture=neutral, PublicKeyToken=b03f5f7f11d50a3a' file path 'C:\Program Files\dotnet\sdk\7.0.202\Extensions\Microsoft.TestPlatform.Extensions.BlameDataCollector.dll'
TpTrace Information: 0 : 32184, 1, 2023/04/04, 03:41:48.524, 3719228564083, vstest.console.dll, GetTestExtensionFromType: Register extension with identifier data 'logger://Microsoft/TestPlatform/Extensions/Blame/v1' and type 'Microsoft.TestPlatform.Extensions.BlameDataCollector.BlameLogger, Microsoft.TestPlatform.Extensions.BlameDataCollector, Version=15.0.0.0, Culture=neutral, PublicKeyToken=b03f5f7f11d50a3a' inside file 'C:\Program Files\dotnet\sdk\7.0.202\Extensions\Microsoft.TestPlatform.Extensions.BlameDataCollector.dll'
TpTrace Verbose: 0 : 32184, 1, 2023/04/04, 03:41:48.524, 3719228564634, vstest.console.dll, MetadataReaderExtensionsHelper: Discovering extensions inside assembly 'Microsoft.TestPlatform.Extensions.EventLogCollector, Version=15.0.0.0, Culture=neutral, PublicKeyToken=b03f5f7f11d50a3a' file path 'C:\Program Files\dotnet\sdk\7.0.202\Extensions\Microsoft.TestPlatform.Extensions.EventLogCollector.dll'
TpTrace Verbose: 0 : 32184, 1, 2023/04/04, 03:41:48.524, 3719228566441, vstest.console.dll, MetadataReaderExtensionsHelper: Discovering extensions inside assembly 'Microsoft.TestPlatform.TestHostRuntimeProvider, Version=15.0.0.0, Culture=neutral, PublicKeyToken=b03f5f7f11d50a3a' file path 'C:\Program Files\dotnet\sdk\7.0.202\Extensions\Microsoft.TestPlatform.TestHostRuntimeProvider.dll'
TpTrace Verbose: 0 : 32184, 1, 2023/04/04, 03:41:48.525, 3719228568530, vstest.console.dll, MetadataReaderExtensionsHelper: Discovering extensions inside assembly 'Microsoft.VisualStudio.TestPlatform.Extensions.Html.TestLogger, Version=15.0.0.0, Culture=neutral, PublicKeyToken=b03f5f7f11d50a3a' file path 'C:\Program Files\dotnet\sdk\7.0.202\Extensions\Microsoft.VisualStudio.TestPlatform.Extensions.Html.TestLogger.dll'
TpTrace Information: 0 : 32184, 1, 2023/04/04, 03:41:48.525, 3719228571593, vstest.console.dll, GetTestExtensionFromType: Register extension with identifier data 'logger://Microsoft/TestPlatform/HtmlLogger/v1' and type 'Microsoft.VisualStudio.TestPlatform.Extensions.HtmlLogger.HtmlLogger, Microsoft.VisualStudio.TestPlatform.Extensions.Html.TestLogger, Version=15.0.0.0, Culture=neutral, PublicKeyToken=b03f5f7f11d50a3a' inside file 'C:\Program Files\dotnet\sdk\7.0.202\Extensions\Microsoft.VisualStudio.TestPlatform.Extensions.Html.TestLogger.dll'
TpTrace Verbose: 0 : 32184, 1, 2023/04/04, 03:41:48.525, 3719228572123, vstest.console.dll, MetadataReaderExtensionsHelper: Discovering extensions inside assembly 'Microsoft.VisualStudio.TestPlatform.Extensions.Trx.TestLogger, Version=15.0.0.0, Culture=neutral, PublicKeyToken=b03f5f7f11d50a3a' file path 'C:\Program Files\dotnet\sdk\7.0.202\Extensions\Microsoft.VisualStudio.TestPlatform.Extensions.Trx.TestLogger.dll'
TpTrace Information: 0 : 32184, 1, 2023/04/04, 03:41:48.525, 3719228574337, vstest.console.dll, GetTestExtensionFromType: Register extension with identifier data 'logger://Microsoft/TestPlatform/TrxLogger/v1' and type 'Microsoft.VisualStudio.TestPlatform.Extensions.TrxLogger.TrxLogger, Microsoft.VisualStudio.TestPlatform.Extensions.Trx.TestLogger, Version=15.0.0.0, Culture=neutral, PublicKeyToken=b03f5f7f11d50a3a' inside file 'C:\Program Files\dotnet\sdk\7.0.202\Extensions\Microsoft.VisualStudio.TestPlatform.Extensions.Trx.TestLogger.dll'
TpTrace Verbose: 0 : 32184, 1, 2023/04/04, 03:41:48.525, 3719228575067, vstest.console.dll, TestPluginCache: Discovered the extensions using extension path ''.
TpTrace Verbose: 0 : 32184, 1, 2023/04/04, 03:41:48.525, 3719228575416, vstest.console.dll, TestPluginCache: Discoverers are ''.
TpTrace Verbose: 0 : 32184, 1, 2023/04/04, 03:41:48.525, 3719228575643, vstest.console.dll, TestPluginCache: Executors are ''.
TpTrace Verbose: 0 : 32184, 1, 2023/04/04, 03:41:48.525, 3719228575849, vstest.console.dll, TestPluginCache: Executors2 are ''.
TpTrace Verbose: 0 : 32184, 1, 2023/04/04, 03:41:48.525, 3719228576052, vstest.console.dll, TestPluginCache: Setting providers are ''.
TpTrace Verbose: 0 : 32184, 1, 2023/04/04, 03:41:48.525, 3719228576461, vstest.console.dll, TestPluginCache: Loggers are 'logger://Microsoft/TestPlatform/Extensions/Blame/v1,logger://Microsoft/TestPlatform/HtmlLogger/v1,logger://Microsoft/TestPlatform/TrxLogger/v1'.
TpTrace Verbose: 0 : 32184, 1, 2023/04/04, 03:41:48.525, 3719228576834, vstest.console.dll, TestPluginCache: TestHosts are 'HostProvider://DefaultTestHost,HostProvider://DotnetTestHost'.
TpTrace Verbose: 0 : 32184, 1, 2023/04/04, 03:41:48.525, 3719228577255, vstest.console.dll, TestPluginCache: DataCollectors are ''.
TpTrace Information: 0 : 32184, 1, 2023/04/04, 03:41:48.526, 3719228582717, vstest.console.dll, TestPluginManager.CreateTestExtension: Attempting to load test extension: Microsoft.TestPlatform.Extensions.BlameDataCollector.BlameLogger
TpTrace Verbose: 0 : 32184, 1, 2023/04/04, 03:41:48.530, 3719228625846, vstest.console.dll, TestEngine: Initializing Parallel Execution as MaxCpuCount is set to: 1
TpTrace Information: 0 : 32184, 1, 2023/04/04, 03:41:48.531, 3719228636430, vstest.console.dll, TestPluginManager.CreateTestExtension: Attempting to load test extension: Microsoft.VisualStudio.TestPlatform.CrossPlatEngine.Hosting.DefaultTestHostManager
TpTrace Information: 0 : 32184, 1, 2023/04/04, 03:41:48.532, 3719228641107, vstest.console.dll, TestPluginManager.CreateTestExtension: Attempting to load test extension: Microsoft.VisualStudio.TestPlatform.CrossPlatEngine.Hosting.DotnetTestHostManager
TpTrace Information: 0 : 32184, 1, 2023/04/04, 03:41:48.532, 3719228645305, vstest.console.dll, InferRunSettingsHelper.IsTestSettingsEnabled: Unable to navigate to RunSettings/MSTest. Current node: RunSettings
TpTrace Verbose: 0 : 32184, 1, 2023/04/04, 03:41:48.535, 3719228672749, vstest.console.dll, TestEngine.GetExecutionManager: Chosen execution manager 'Microsoft.VisualStudio.TestPlatform.CrossPlatEngine.Client.Parallel.ParallelProxyExecutionManager, Microsoft.TestPlatform.CrossPlatEngine, Version=15.0.0.0, Culture=neutral, PublicKeyToken=b03f5f7f11d50a3a' ParallelLevel '1'.
TpTrace Verbose: 0 : 32184, 1, 2023/04/04, 03:41:48.535, 3719228673695, vstest.console.dll, TestRunRequest.ExecuteAsync: Creating test run request.
TpTrace Verbose: 0 : 32184, 1, 2023/04/04, 03:41:48.535, 3719228675263, vstest.console.dll, TestRunRequest.ExecuteAsync: Starting.
TpTrace Information: 0 : 32184, 1, 2023/04/04, 03:41:48.535, 3719228677222, vstest.console.dll, TestRunRequest.ExecuteAsync: Starting run with settings:TestRunCriteria:
   KeepAlive=False,FrequencyOfRunStatsChangeEvent=10,RunStatsChangeEventTimeout=00:00:01.5000000,TestCaseFilter=,TestExecutorLauncher=
   Settingsxml=<RunSettings>
  <RunConfiguration>
    <ResultsDirectory>D:\Users\magic\Downloads\SistemaCompras-v3\SistemaCompra.Domain.Test\bin\Debug\netcoreapp3.1\fine-code-coverage\coverage-tool-output</ResultsDirectory>
    <TargetPlatform>X64</TargetPlatform>
    <TargetFrameworkVersion>.NETCoreApp,Version=v3.1</TargetFrameworkVersion>
    <DesignMode>False</DesignMode>
    <CollectSourceInformation>False</CollectSourceInformation>
  </RunConfiguration>
  <LoggerRunSettings>
    <Loggers>
      <Logger friendlyName="blame" enabled="True" />
      <Logger friendlyName="Console" uri="logger://microsoft/TestPlatform/ConsoleLogger/v1" assemblyQualifiedName="Microsoft.VisualStudio.TestPlatform.CommandLine.Internal.ConsoleLogger, vstest.console, Version=15.0.0.0, Culture=neutral, PublicKeyToken=b03f5f7f11d50a3a" codeBase="C:\Program Files\dotnet\sdk\7.0.202\vstest.console.dll" enabled="True" />
    </Loggers>
  </LoggerRunSettings>
  <DataCollectionRunSettings>
    <DataCollectors>
      <DataCollector friendlyName="blame" enabled="True">
        <Configuration>
          <ResultsDirectory>D:\Users\magic\Downloads\SistemaCompras-v3\SistemaCompra.Domain.Test\bin\Debug\netcoreapp3.1\fine-code-coverage\coverage-tool-output</ResultsDirectory>
        </Configuration>
      </DataCollector>
    </DataCollectors>
  </DataCollectionRunSettings>
</RunSettings>

TpTrace Verbose: 0 : 32184, 1, 2023/04/04, 03:41:48.535, 3719228677746, vstest.console.dll, TestRunRequest.ExecuteAsync: Wait for the first run request is over.
TpTrace Verbose: 0 : 32184, 1, 2023/04/04, 03:41:48.536, 3719228679389, vstest.console.dll, MulticastDelegateUtilities.SafeInvoke: TestRun.TestRunStart: Invoking callbacks was skipped because there are no subscribers.
TpTrace Verbose: 0 : 32184, 4, 2023/04/04, 03:41:48.536, 3719228680748, vstest.console.dll, MulticastDelegateUtilities.SafeInvoke: InternalTestLoggerEvents.SendTestRunStart: Invoking callback 1/1 for Microsoft.VisualStudio.TestPlatform.CommandLine.Internal.ConsoleLogger., took 0 ms.
TpTrace Verbose: 0 : 32184, 1, 2023/04/04, 03:41:48.536, 3719228687186, vstest.console.dll, ParallelProxyExecutionManager: Start execution. Total sources: 1
TpTrace Verbose: 0 : 32184, 1, 2023/04/04, 03:41:48.537, 3719228697279, vstest.console.dll, TestRequestSender is acting as server.
TpTrace Verbose: 0 : 32184, 1, 2023/04/04, 03:41:48.538, 3719228706538, vstest.console.dll, DataCollectionRequestSender.InitializeCommunication : Initialize communication. 
TpTrace Information: 0 : 32184, 1, 2023/04/04, 03:41:48.541, 3719228735065, vstest.console.dll, Listening on Endpoint : 127.0.0.1:61479
TpTrace Verbose: 0 : 32184, 1, 2023/04/04, 03:41:48.545, 3719228776130, vstest.console.dll, DotnetDataCollectionLauncher: Adding  --runtimeconfig "C:\Program Files\dotnet\sdk\7.0.202\datacollector.runtimeconfig.json" in args
TpTrace Verbose: 0 : 32184, 1, 2023/04/04, 03:41:48.545, 3719228776881, vstest.console.dll, DotnetDataCollectionLauncher: Adding  --depsfile "C:\Program Files\dotnet\sdk\7.0.202\datacollector.deps.json" in args
TpTrace Verbose: 0 : 32184, 1, 2023/04/04, 03:41:48.546, 3719228778752, vstest.console.dll, DotnetDataCollectionLauncher: Full path of dotnet.exe is C:\Program Files\dotnet\dotnet.exe
TpTrace Information: 0 : 32184, 1, 2023/04/04, 03:41:48.549, 3719228812722, vstest.console.dll, ProxyDataCollectionManager.Initialize: Launched datacollector processId: 37896 port: 61479
TpTrace Information: 0 : 32184, 1, 2023/04/04, 03:41:48.549, 3719228813656, vstest.console.dll, ProxyDataCollectionManager.Initialize: waiting for connection with timeout: 90 seconds
TpTrace Verbose: 0 : 32184, 1, 2023/04/04, 03:41:48.549, 3719228814276, vstest.console.dll, DataCollectionRequestSender.WaitForRequestHandlerConnection : Waiting for connection with timeout: 90000
TpTrace Information: 0 : 32184, 8, 2023/04/04, 03:41:48.637, 3719229690046, vstest.console.dll, Using the buffer size of 16384 bytes
TpTrace Verbose: 0 : 32184, 1, 2023/04/04, 03:41:48.637, 3719229690292, vstest.console.dll, SocketCommunicationManager.WaitForClientConnection took: 87 ms, with 90000 ms timeout, and finished with True.
TpTrace Information: 0 : 32184, 8, 2023/04/04, 03:41:48.637, 3719229690943, vstest.console.dll, Accepted Client request and set the flag
TpTrace Verbose: 0 : 32184, 1, 2023/04/04, 03:41:48.637, 3719229691808, vstest.console.dll, ProxyDataCollectionManager.InvokeDataCollectionServiceAction: Starting.
TpTrace Information: 0 : 32184, 1, 2023/04/04, 03:41:48.637, 3719229692333, vstest.console.dll, ProxyDataCollectionManager.BeforeTestRunStart: Get environment variable and port for datacollector processId: 37896 port: 61479
TpTrace Verbose: 0 : 32184, 1, 2023/04/04, 03:41:48.637, 3719229693028, vstest.console.dll, DataCollectionRequestSender.SendBeforeTestRunStartAndGetResult: Send BeforeTestRunStart message with settingsXml <RunSettings><RunConfiguration><ResultsDirectory>D:\Users\magic\Downloads\SistemaCompras-v3\SistemaCompra.Domain.Test\bin\Debug\netcoreapp3.1\fine-code-coverage\coverage-tool-output</ResultsDirectory><TargetPlatform>X64</TargetPlatform><TargetFrameworkVersion>.NETCoreApp,Version=v3.1</TargetFrameworkVersion><DesignMode>False</DesignMode><CollectSourceInformation>False</CollectSourceInformation><TestAdaptersPaths>C:\Program Files\dotnet\sdk\7.0.202\Extensions</TestAdaptersPaths></RunConfiguration><LoggerRunSettings><Loggers><Logger friendlyName="blame" enabled="True" /><Logger friendlyName="Console" uri="logger://microsoft/TestPlatform/ConsoleLogger/v1" assemblyQualifiedName="Microsoft.VisualStudio.TestPlatform.CommandLine.Internal.ConsoleLogger, vstest.console, Version=15.0.0.0, Culture=neutral, PublicKeyToken=b03f5f7f11d50a3a" codeBase="C:\Program Files\dotnet\sdk\7.0.202\vstest.console.dll" enabled="True" /></Loggers></LoggerRunSettings><DataCollectionRunSettings><DataCollectors><DataCollector friendlyName="blame" enabled="True"><Configuration><ResultsDirectory>D:\Users\magic\Downloads\SistemaCompras-v3\SistemaCompra.Domain.Test\bin\Debug\netcoreapp3.1\fine-code-coverage\coverage-tool-output</ResultsDirectory></Configuration></DataCollector></DataCollectors></DataCollectionRunSettings></RunSettings> and sources System.Collections.Generic.List`1[System.String]: 
TpTrace Verbose: 0 : 32184, 1, 2023/04/04, 03:41:48.683, 3719230156598, vstest.console.dll, DataCollectionRequestSender.SendBeforeTestRunStartAndGetResult: Received message: (DataCollection.SendMessage) -> {"MessageType":"DataCollection.SendMessage","Payload":{"FriendlyName":null,"Uri":null,"TestCaseId":"00000000-0000-0000-0000-000000000000","Message":"Logging DataCollector Diagnostics in file: D:\\Users\\magic\\Downloads\\SistemaCompras-v3\\SistemaCompra.Domain.Test\\bin\\Debug\\netcoreapp3.1\\fine-code-coverage\\coverage-tool-output\\diagnostics.datacollector.23-04-04_03-41-48_54569_1.log","Level":0}}
TpTrace Verbose: 0 : 32184, 1, 2023/04/04, 03:41:48.731, 3719230632154, vstest.console.dll, DataCollectionRequestSender.SendBeforeTestRunStartAndGetResult: Received message: (DataCollection.BeforeTestRunStartResult) -> {"MessageType":"DataCollection.BeforeTestRunStartResult","Payload":{"EnvironmentVariables":{},"DataCollectionEventsPort":61481}}
TpTrace Information: 0 : 32184, 1, 2023/04/04, 03:41:48.734, 3719230663683, vstest.console.dll, ProxyDataCollectionManager.BeforeTestRunStart: SendBeforeTestRunStartAndGetResult successful, env variable from datacollector:   and testhost port: 61481
TpTrace Information: 0 : 32184, 1, 2023/04/04, 03:41:48.734, 3719230664310, vstest.console.dll, ProxyDataCollectionManager.InvokeDataCollectionServiceAction: Completed.
TpTrace Verbose: 0 : 32184, 8, 2023/04/04, 03:41:48.734, 3719230665086, vstest.console.dll, ParallelProxyExecutionManager: Execution started. Started clients: 1
TpTrace Verbose: 0 : 32184, 1, 2023/04/04, 03:41:48.734, 3719230665244, vstest.console.dll, ProxyParallelExecutionManager: No sources available for execution.
TpTrace Information: 0 : 32184, 1, 2023/04/04, 03:41:48.734, 3719230666289, vstest.console.dll, TestRunRequest.ExecuteAsync: Started.
TpTrace Verbose: 0 : 32184, 1, 2023/04/04, 03:41:48.734, 3719230666887, vstest.console.dll, TestRunRequest.WaitForCompletion: Waiting with timeout -1.
TpTrace Verbose: 0 : 32184, 8, 2023/04/04, 03:41:48.734, 3719230666912, vstest.console.dll, TestRunRequest:SendTestRunMessage: Starting.
TpTrace Verbose: 0 : 32184, 8, 2023/04/04, 03:41:48.735, 3719230668400, vstest.console.dll, MulticastDelegateUtilities.SafeInvoke: TestRun.LogMessages: Invoking callback 1/1 for Microsoft.VisualStudio.TestPlatform.CommandLine.TestRunResultAggregator., took 0 ms.
TpTrace Information: 0 : 32184, 8, 2023/04/04, 03:41:48.735, 3719230668758, vstest.console.dll, TestRunRequest:SendTestRunMessage: Completed.
TpTrace Verbose: 0 : 32184, 4, 2023/04/04, 03:41:48.735, 3719230669423, vstest.console.dll, MulticastDelegateUtilities.SafeInvoke: InternalTestLoggerEvents.SendTestRunMessage: Invoking callback 1/1 for Microsoft.VisualStudio.TestPlatform.CommandLine.Internal.ConsoleLogger., took 0 ms.
TpTrace Verbose: 0 : 32184, 8, 2023/04/04, 03:41:48.735, 3719230669985, vstest.console.dll, ProxyExecutionManager: Test host is always Lazy initialize.
TpTrace Verbose: 0 : 32184, 8, 2023/04/04, 03:41:48.735, 3719230671716, vstest.console.dll, TestRequestSender.InitializeCommunication: initialize communication. 
TpTrace Information: 0 : 32184, 8, 2023/04/04, 03:41:48.735, 3719230675614, vstest.console.dll, SocketServer.Start: Listening on endpoint : 127.0.0.1:61482
TpTrace Verbose: 0 : 32184, 8, 2023/04/04, 03:41:48.736, 3719230681291, vstest.console.dll, DotnetTestHostmanager.GetTestHostProcessStartInfo: Platform environment 'X64' target architecture 'X64' framework '.NETCoreApp,Version=v3.1' OS 'Windows'
TpTrace Verbose: 0 : 32184, 8, 2023/04/04, 03:41:48.736, 3719230682531, vstest.console.dll, DotnetTestHostmanager: Adding  --runtimeconfig "D:\Users\magic\Downloads\SistemaCompras-v3\SistemaCompra.Domain.Test\bin\Debug\netcoreapp3.1\fine-code-coverage\build-output\SistemaCompra.Domain.Test.runtimeconfig.json" in args
TpTrace Verbose: 0 : 32184, 8, 2023/04/04, 03:41:48.736, 3719230683087, vstest.console.dll, DotnetTestHostmanager: Adding  --depsfile "D:\Users\magic\Downloads\SistemaCompras-v3\SistemaCompra.Domain.Test\bin\Debug\netcoreapp3.1\fine-code-coverage\build-output\SistemaCompra.Domain.Test.deps.json" in args
TpTrace Verbose: 0 : 32184, 8, 2023/04/04, 03:41:48.736, 3719230684183, vstest.console.dll, DotnetTestHostmanager.IsWinOnArm: Current PROCESSOR_ARCHITECTURE from environment variable 'AMD64'
TpTrace Verbose: 0 : 32184, 8, 2023/04/04, 03:41:48.736, 3719230684666, vstest.console.dll, DotnetTestHostmanager.IsWinOnArm: Is Windows on ARM 'False'
TpTrace Information: 0 : 32184, 8, 2023/04/04, 03:41:48.736, 3719230685403, vstest.console.dll, AssemblyResolver.OnResolve: Microsoft.Extensions.DependencyModel: Resolving assembly.
TpTrace Information: 0 : 32184, 8, 2023/04/04, 03:41:48.736, 3719230685868, vstest.console.dll, AssemblyResolver.OnResolve: Microsoft.Extensions.DependencyModel: Searching in: 'C:\Program Files\dotnet\sdk\7.0.202\Extensions'.
TpTrace Information: 0 : 32184, 8, 2023/04/04, 03:41:48.736, 3719230686454, vstest.console.dll, AssemblyResolver.OnResolve: Microsoft.Extensions.DependencyModel: Assembly path does not exist: 'C:\Program Files\dotnet\sdk\7.0.202\Extensions\Microsoft.Extensions.DependencyModel.dll', returning.
TpTrace Information: 0 : 32184, 8, 2023/04/04, 03:41:48.736, 3719230686967, vstest.console.dll, AssemblyResolver.OnResolve: Microsoft.Extensions.DependencyModel: Assembly path does not exist: 'C:\Program Files\dotnet\sdk\7.0.202\Extensions\Microsoft.Extensions.DependencyModel.exe', returning.
TpTrace Information: 0 : 32184, 8, 2023/04/04, 03:41:48.736, 3719230687246, vstest.console.dll, AssemblyResolver.OnResolve: Microsoft.Extensions.DependencyModel: Searching in: 'C:\Program Files\dotnet\sdk\7.0.202'.
TpTrace Information: 0 : 32184, 8, 2023/04/04, 03:41:48.737, 3719230689304, vstest.console.dll, AssemblyResolver.OnResolve: Microsoft.Extensions.DependencyModel: Loading assembly 'C:\Program Files\dotnet\sdk\7.0.202\Microsoft.Extensions.DependencyModel.dll'.
TpTrace Information: 0 : 32184, 8, 2023/04/04, 03:41:48.737, 3719230692364, vstest.console.dll, AssemblyResolver.OnResolve: Resolved assembly: Microsoft.Extensions.DependencyModel, from path: C:\Program Files\dotnet\sdk\7.0.202\Microsoft.Extensions.DependencyModel.dll
TpTrace Verbose: 0 : 32184, 8, 2023/04/04, 03:41:48.737, 3719230693962, vstest.console.dll, DotnetTestHostmanager: Reading file D:\Users\magic\Downloads\SistemaCompras-v3\SistemaCompra.Domain.Test\bin\Debug\netcoreapp3.1\fine-code-coverage\build-output\SistemaCompra.Domain.Test.deps.json to get path of testhost.dll
TpTrace Verbose: 0 : 32184, 8, 2023/04/04, 03:41:48.745, 3719230775794, vstest.console.dll, DotnetTestHostmanager: Relative path of testhost.dll with respect to package folder is microsoft.testplatform.testhost/16.2.0\lib/netstandard1.5/testhost.dll
TpTrace Verbose: 0 : 32184, 8, 2023/04/04, 03:41:48.746, 3719230780691, vstest.console.dll, DotnetTestHostmanager: Looking for path microsoft.testplatform.testhost/16.2.0\lib/netstandard1.5/testhost.dll in folder C:\Users\magic\.dotnet\store\|arch|\|tfm|
TpTrace Verbose: 0 : 32184, 8, 2023/04/04, 03:41:48.746, 3719230781495, vstest.console.dll, DotnetTestHostmanager: Looking for path microsoft.testplatform.testhost/16.2.0\lib/netstandard1.5/testhost.dll in folder C:\Users\magic\.nuget\packages
TpTrace Verbose: 0 : 32184, 8, 2023/04/04, 03:41:48.746, 3719230782162, vstest.console.dll, DotnetTestHostmanager: Found testhost.dll in C:\Users\magic\.nuget\packages\microsoft.testplatform.testhost/16.2.0\lib/netstandard1.5/testhost.dll
TpTrace Verbose: 0 : 32184, 8, 2023/04/04, 03:41:48.746, 3719230783452, vstest.console.dll, DotnetTestHostmanager: Current process architetcure 'X64'
TpTrace Verbose: 0 : 32184, 8, 2023/04/04, 03:41:48.746, 3719230785766, vstest.console.dll, DotnetTestHostmanager.LaunchTestHostAsync: Compatible muxer architecture of running process 'X64' and target architecture 'X64'
TpTrace Verbose: 0 : 32184, 8, 2023/04/04, 03:41:48.746, 3719230786124, vstest.console.dll, DotnetTestHostmanager: Full path of testhost.dll is C:\Users\magic\.nuget\packages\microsoft.testplatform.testhost/16.2.0\lib/netstandard1.5/testhost.dll
TpTrace Verbose: 0 : 32184, 8, 2023/04/04, 03:41:48.746, 3719230786493, vstest.console.dll, DotnetTestHostmanager: Full path of host exe is C:\Program Files\dotnet\dotnet.exe
TpTrace Verbose: 0 : 32184, 8, 2023/04/04, 03:41:48.746, 3719230787756, vstest.console.dll, DotnetTestHostManager: Starting process 'C:\Program Files\dotnet\dotnet.exe' with command line 'exec --runtimeconfig "D:\Users\magic\Downloads\SistemaCompras-v3\SistemaCompra.Domain.Test\bin\Debug\netcoreapp3.1\fine-code-coverage\build-output\SistemaCompra.Domain.Test.runtimeconfig.json" --depsfile "D:\Users\magic\Downloads\SistemaCompras-v3\SistemaCompra.Domain.Test\bin\Debug\netcoreapp3.1\fine-code-coverage\build-output\SistemaCompra.Domain.Test.deps.json" "C:\Users\magic\.nuget\packages\microsoft.testplatform.testhost/16.2.0\lib/netstandard1.5/testhost.dll" --port 61482 --endpoint 127.0.0.1:061482 --role client --parentprocessid 32184 --diag "D:\Users\magic\Downloads\SistemaCompras-v3\SistemaCompra.Domain.Test\bin\Debug\netcoreapp3.1\fine-code-coverage\coverage-tool-output\diagnostics.host.23-04-04_03-41-48_73604_8.log" --tracelevel 4 --datacollectionport 61481 --telemetryoptedin false'
TpTrace Verbose: 0 : 32184, 8, 2023/04/04, 03:41:48.749, 3719230814161, vstest.console.dll, MulticastDelegateUtilities.SafeInvoke: HostProviderEvents.OnHostLaunched: Invoking callback 1/2 for Microsoft.VisualStudio.TestPlatform.CrossPlatEngine.Client.ProxyExecutionManagerWithDataCollection., took 0 ms.
TpTrace Verbose: 0 : 32184, 8, 2023/04/04, 03:41:48.749, 3719230815645, vstest.console.dll, Test Runtime launched
TpTrace Verbose: 0 : 32184, 8, 2023/04/04, 03:41:48.749, 3719230816154, vstest.console.dll, MulticastDelegateUtilities.SafeInvoke: HostProviderEvents.OnHostLaunched: Invoking callback 2/2 for Microsoft.VisualStudio.TestPlatform.CrossPlatEngine.Client.ProxyOperationManager., took 0 ms.
TpTrace Verbose: 0 : 32184, 8, 2023/04/04, 03:41:48.749, 3719230817100, vstest.console.dll, TestRequestSender.WaitForRequestHandlerConnection: waiting for connection with timeout: 90000.
TpTrace Verbose: 0 : 32184, 8, 2023/04/04, 03:41:48.844, 3719231759854, vstest.console.dll, TestRequestSender.WaitForRequestHandlerConnection: waiting took 94 ms, with timeout 90000 ms, and result 0, which is success.
TpTrace Verbose: 0 : 32184, 13, 2023/04/04, 03:41:48.844, 3719231759842, vstest.console.dll, MulticastDelegateUtilities.SafeInvoke: SocketServer: ClientConnected: Invoking callback 1/1 for Microsoft.VisualStudio.TestPlatform.CommunicationUtilities.TestRequestSender., took 0 ms.
TpTrace Verbose: 0 : 32184, 13, 2023/04/04, 03:41:48.844, 3719231761214, vstest.console.dll, SocketServer.OnClientConnected: Client connected for endPoint: 127.0.0.1:61482, starting MessageLoopAsync:
TpTrace Verbose: 0 : 32184, 14, 2023/04/04, 03:41:48.844, 3719231763223, vstest.console.dll, TcpClientExtensions.MessageLoopAsync: Polling on remoteEndPoint: 127.0.0.1:61483 localEndPoint: 127.0.0.1:61482
TpTrace Verbose: 0 : 32184, 8, 2023/04/04, 03:41:48.844, 3719231766800, vstest.console.dll, TestRequestSender.CheckVersionWithTestHost: Sending check version message: {"MessageType":"ProtocolVersion","Payload":7}
TpTrace Verbose: 0 : 32184, 14, 2023/04/04, 03:41:48.932, 3719232645997, vstest.console.dll, TcpClientExtensions.MessageLoopAsync: NotifyDataAvailable remoteEndPoint: 127.0.0.1:61483 localEndPoint: 127.0.0.1:61482
TpTrace Verbose: 0 : 32184, 14, 2023/04/04, 03:41:48.933, 3719232648173, vstest.console.dll, TestRequestSender.CheckVersionWithTestHost: onMessageReceived received message: (ProtocolVersion) -> {"MessageType":"ProtocolVersion","Payload":2}
TpTrace Verbose: 0 : 32184, 14, 2023/04/04, 03:41:48.933, 3719232653132, vstest.console.dll, MulticastDelegateUtilities.SafeInvoke: LengthPrefixCommunicationChannel: MessageReceived: Invoking callback 1/1 for Microsoft.VisualStudio.TestPlatform.CommunicationUtilities.TestRequestSender+<>c__DisplayClass29_0., took 0 ms.
TpTrace Verbose: 0 : 32184, 8, 2023/04/04, 03:41:48.933, 3719232653787, vstest.console.dll, TestPluginCache.GetExtensionPaths: Filtered extension paths: 
TpTrace Verbose: 0 : 32184, 14, 2023/04/04, 03:41:48.933, 3719232654302, vstest.console.dll, TcpClientExtensions.MessageLoopAsync: Polling on remoteEndPoint: 127.0.0.1:61483 localEndPoint: 127.0.0.1:61482
TpTrace Verbose: 0 : 32184, 8, 2023/04/04, 03:41:48.933, 3719232654738, vstest.console.dll, TestPluginCache.GetExtensionPaths: Added default extension paths: C:\Program Files\dotnet\sdk\7.0.202\Extensions\Microsoft.Diagnostics.NETCore.Client.dll
C:\Program Files\dotnet\sdk\7.0.202\Extensions\Microsoft.TestPlatform.Extensions.BlameDataCollector.dll
C:\Program Files\dotnet\sdk\7.0.202\Extensions\Microsoft.TestPlatform.Extensions.EventLogCollector.dll
C:\Program Files\dotnet\sdk\7.0.202\Extensions\Microsoft.TestPlatform.TestHostRuntimeProvider.dll
C:\Program Files\dotnet\sdk\7.0.202\Extensions\Microsoft.VisualStudio.TestPlatform.Extensions.Html.TestLogger.dll
C:\Program Files\dotnet\sdk\7.0.202\Extensions\Microsoft.VisualStudio.TestPlatform.Extensions.Trx.TestLogger.dll
TpTrace Verbose: 0 : 32184, 8, 2023/04/04, 03:41:48.933, 3719232655632, vstest.console.dll, TestPluginCache.GetExtensionPaths: Added unfilterableExtensionPaths: 
TpTrace Verbose: 0 : 32184, 8, 2023/04/04, 03:41:48.935, 3719232675509, vstest.console.dll, TestRequestSender.InitializeExecution: Sending initialize execution with message: {"Version":2,"MessageType":"TestExecution.Initialize","Payload":["D:\\Users\\magic\\Downloads\\SistemaCompras-v3\\SistemaCompra.Domain.Test\\bin\\Debug\\netcoreapp3.1\\fine-code-coverage\\build-output\\xunit.runner.visualstudio.dotnetcore.testadapter.dll"]}
TpTrace Warning: 0 : 32184, 8, 2023/04/04, 03:41:48.936, 3719232678790, vstest.console.dll, InferRunSettingsHelper.MakeRunsettingsCompatible: Removing the following settings: TargetPlatform from RunSettings file. To use those settings please move to latest version of Microsoft.NET.Test.Sdk
TpTrace Verbose: 0 : 32184, 14, 2023/04/04, 03:41:48.940, 3719232719938, vstest.console.dll, TcpClientExtensions.MessageLoopAsync: NotifyDataAvailable remoteEndPoint: 127.0.0.1:61483 localEndPoint: 127.0.0.1:61482
TpTrace Verbose: 0 : 32184, 14, 2023/04/04, 03:41:48.940, 3719232722077, vstest.console.dll, TestRequestSender.OnExecutionMessageReceived: Received message: {"Version":2,"MessageType":"TestSession.Message","Payload":{"MessageLevel":0,"Message":"Registro em log do diagnóstico TestHost no arquivo: D:\\Users\\magic\\Downloads\\SistemaCompras-v3\\SistemaCompra.Domain.Test\\bin\\Debug\\netcoreapp3.1\\fine-code-coverage\\coverage-tool-output\\diagnostics.host.23-04-04_03-41-48_73604_8.log"}}
TpTrace Verbose: 0 : 32184, 8, 2023/04/04, 03:41:48.940, 3719232722402, vstest.console.dll, TestRequestSender.StartTestRun: Sending test run with message: {"Version":2,"MessageType":"TestExecution.StartWithSources","Payload":{"AdapterSourceMap":{"_none_":["D:\\Users\\magic\\Downloads\\SistemaCompras-v3\\SistemaCompra.Domain.Test\\bin\\Debug\\netcoreapp3.1\\fine-code-coverage\\build-output\\SistemaCompra.Domain.Test.dll"]},"RunSettings":"<RunSettings>\r\n  <RunConfiguration>\r\n    <ResultsDirectory>D:\\Users\\magic\\Downloads\\SistemaCompras-v3\\SistemaCompra.Domain.Test\\bin\\Debug\\netcoreapp3.1\\fine-code-coverage\\coverage-tool-output</ResultsDirectory>\r\n    <TargetFrameworkVersion>.NETCoreApp,Version=v3.1</TargetFrameworkVersion>\r\n    <DesignMode>False</DesignMode>\r\n    <CollectSourceInformation>False</CollectSourceInformation>\r\n  </RunConfiguration>\r\n  <LoggerRunSettings>\r\n    <Loggers>\r\n      <Logger friendlyName=\"blame\" enabled=\"True\" />\r\n      <Logger friendlyName=\"Console\" uri=\"logger://microsoft/TestPlatform/ConsoleLogger/v1\" assemblyQualifiedName=\"Microsoft.VisualStudio.TestPlatform.CommandLine.Internal.ConsoleLogger, vstest.console, Version=15.0.0.0, Culture=neutral, PublicKeyToken=b03f5f7f11d50a3a\" codeBase=\"C:\\Program Files\\dotnet\\sdk\\7.0.202\\vstest.console.dll\" enabled=\"True\" />\r\n    </Loggers>\r\n  </LoggerRunSettings>\r\n  <DataCollectionRunSettings>\r\n    <DataCollectors>\r\n      <DataCollector friendlyName=\"blame\" enabled=\"True\">\r\n        <Configuration>\r\n          <ResultsDirectory>D:\\Users\\magic\\Downloads\\SistemaCompras-v3\\SistemaCompra.Domain.Test\\bin\\Debug\\netcoreapp3.1\\fine-code-coverage\\coverage-tool-output</ResultsDirectory>\r\n        </Configuration>\r\n      </DataCollector>\r\n    </DataCollectors>\r\n  </DataCollectionRunSettings>\r\n</RunSettings>","TestExecutionContext":{"FrequencyOfRunStatsChangeEvent":10,"RunStatsChangeEventTimeout":"00:00:01.5000000","InIsolation":false,"KeepAlive":false,"AreTestCaseLevelEventsRequired":false,"IsDebug":false,"TestCaseFilter":null,"FilterOptions":null},"Package":null}}
TpTrace Verbose: 0 : 32184, 14, 2023/04/04, 03:41:48.941, 3719232735554, vstest.console.dll, TestRunRequest:SendTestRunMessage: Starting.
TpTrace Verbose: 0 : 32184, 14, 2023/04/04, 03:41:48.941, 3719232736387, vstest.console.dll, MulticastDelegateUtilities.SafeInvoke: TestRun.LogMessages: Invoking callback 1/1 for Microsoft.VisualStudio.TestPlatform.CommandLine.TestRunResultAggregator., took 0 ms.
TpTrace Verbose: 0 : 32184, 4, 2023/04/04, 03:41:48.941, 3719232736557, vstest.console.dll, MulticastDelegateUtilities.SafeInvoke: InternalTestLoggerEvents.SendTestRunMessage: Invoking callback 1/1 for Microsoft.VisualStudio.TestPlatform.CommandLine.Internal.ConsoleLogger., took 0 ms.
TpTrace Information: 0 : 32184, 14, 2023/04/04, 03:41:48.941, 3719232736696, vstest.console.dll, TestRunRequest:SendTestRunMessage: Completed.
TpTrace Verbose: 0 : 32184, 14, 2023/04/04, 03:41:48.941, 3719232737658, vstest.console.dll, MulticastDelegateUtilities.SafeInvoke: LengthPrefixCommunicationChannel: MessageReceived: Invoking callback 1/1 for Microsoft.VisualStudio.TestPlatform.CommunicationUtilities.TestRequestSender+<>c__DisplayClass34_0., took 1 ms.
TpTrace Verbose: 0 : 32184, 14, 2023/04/04, 03:41:48.942, 3719232738013, vstest.console.dll, TcpClientExtensions.MessageLoopAsync: Polling on remoteEndPoint: 127.0.0.1:61483 localEndPoint: 127.0.0.1:61482
TpTrace Verbose: 0 : 32184, 14, 2023/04/04, 03:41:49.003, 3719233355220, vstest.console.dll, TcpClientExtensions.MessageLoopAsync: NotifyDataAvailable remoteEndPoint: 127.0.0.1:61483 localEndPoint: 127.0.0.1:61482
TpTrace Verbose: 0 : 32184, 14, 2023/04/04, 03:41:49.003, 3719233356349, vstest.console.dll, TestRequestSender.OnExecutionMessageReceived: Received message: {"Version":2,"MessageType":"TestSession.Message","Payload":{"MessageLevel":0,"Message":"[xUnit.net 00:00:00.00] xUnit.net VSTest Adapter v2.4.0 (64-bit .NET Core 3.1.32)"}}
TpTrace Verbose: 0 : 32184, 14, 2023/04/04, 03:41:49.004, 3719233358004, vstest.console.dll, TestRunRequest:SendTestRunMessage: Starting.
TpTrace Verbose: 0 : 32184, 14, 2023/04/04, 03:41:49.004, 3719233358550, vstest.console.dll, MulticastDelegateUtilities.SafeInvoke: TestRun.LogMessages: Invoking callback 1/1 for Microsoft.VisualStudio.TestPlatform.CommandLine.TestRunResultAggregator., took 0 ms.
TpTrace Verbose: 0 : 32184, 4, 2023/04/04, 03:41:49.004, 3719233358738, vstest.console.dll, MulticastDelegateUtilities.SafeInvoke: InternalTestLoggerEvents.SendTestRunMessage: Invoking callback 1/1 for Microsoft.VisualStudio.TestPlatform.CommandLine.Internal.ConsoleLogger., took 0 ms.
TpTrace Information: 0 : 32184, 14, 2023/04/04, 03:41:49.004, 3719233358814, vstest.console.dll, TestRunRequest:SendTestRunMessage: Completed.
TpTrace Verbose: 0 : 32184, 14, 2023/04/04, 03:41:49.004, 3719233359702, vstest.console.dll, MulticastDelegateUtilities.SafeInvoke: LengthPrefixCommunicationChannel: MessageReceived: Invoking callback 1/1 for Microsoft.VisualStudio.TestPlatform.CommunicationUtilities.TestRequestSender+<>c__DisplayClass34_0., took 0 ms.
TpTrace Verbose: 0 : 32184, 14, 2023/04/04, 03:41:49.004, 3719233360004, vstest.console.dll, TcpClientExtensions.MessageLoopAsync: Polling on remoteEndPoint: 127.0.0.1:61483 localEndPoint: 127.0.0.1:61482
TpTrace Verbose: 0 : 32184, 14, 2023/04/04, 03:41:50.011, 3719243431527, vstest.console.dll, TcpClientExtensions.MessageLoopAsync: Polling on remoteEndPoint: 127.0.0.1:61483 localEndPoint: 127.0.0.1:61482
TpTrace Verbose: 0 : 32184, 14, 2023/04/04, 03:41:50.448, 3719247807504, vstest.console.dll, TcpClientExtensions.MessageLoopAsync: NotifyDataAvailable remoteEndPoint: 127.0.0.1:61483 localEndPoint: 127.0.0.1:61482
TpTrace Verbose: 0 : 32184, 14, 2023/04/04, 03:41:50.449, 3719247809199, vstest.console.dll, TestRequestSender.OnExecutionMessageReceived: Received message: {"Version":2,"MessageType":"TestSession.Message","Payload":{"MessageLevel":0,"Message":"[xUnit.net 00:00:01.44]   Discovering: SistemaCompra.Domain.Test"}}
TpTrace Verbose: 0 : 32184, 14, 2023/04/04, 03:41:50.449, 3719247810499, vstest.console.dll, TestRunRequest:SendTestRunMessage: Starting.
TpTrace Verbose: 0 : 32184, 14, 2023/04/04, 03:41:50.449, 3719247811102, vstest.console.dll, MulticastDelegateUtilities.SafeInvoke: TestRun.LogMessages: Invoking callback 1/1 for Microsoft.VisualStudio.TestPlatform.CommandLine.TestRunResultAggregator., took 0 ms.
TpTrace Verbose: 0 : 32184, 4, 2023/04/04, 03:41:50.449, 3719247811272, vstest.console.dll, MulticastDelegateUtilities.SafeInvoke: InternalTestLoggerEvents.SendTestRunMessage: Invoking callback 1/1 for Microsoft.VisualStudio.TestPlatform.CommandLine.Internal.ConsoleLogger., took 0 ms.
TpTrace Information: 0 : 32184, 14, 2023/04/04, 03:41:50.449, 3719247811444, vstest.console.dll, TestRunRequest:SendTestRunMessage: Completed.
TpTrace Verbose: 0 : 32184, 14, 2023/04/04, 03:41:50.449, 3719247812409, vstest.console.dll, MulticastDelegateUtilities.SafeInvoke: LengthPrefixCommunicationChannel: MessageReceived: Invoking callback 1/1 for Microsoft.VisualStudio.TestPlatform.CommunicationUtilities.TestRequestSender+<>c__DisplayClass34_0., took 0 ms.
TpTrace Verbose: 0 : 32184, 14, 2023/04/04, 03:41:50.449, 3719247812852, vstest.console.dll, TcpClientExtensions.MessageLoopAsync: Polling on remoteEndPoint: 127.0.0.1:61483 localEndPoint: 127.0.0.1:61482
TpTrace Verbose: 0 : 32184, 14, 2023/04/04, 03:41:50.469, 3719248015340, vstest.console.dll, TcpClientExtensions.MessageLoopAsync: NotifyDataAvailable remoteEndPoint: 127.0.0.1:61483 localEndPoint: 127.0.0.1:61482
TpTrace Verbose: 0 : 32184, 14, 2023/04/04, 03:41:50.469, 3719248016333, vstest.console.dll, TestRequestSender.OnExecutionMessageReceived: Received message: {"Version":2,"MessageType":"TestSession.Message","Payload":{"MessageLevel":0,"Message":"[xUnit.net 00:00:01.46]   Discovered:  SistemaCompra.Domain.Test"}}
TpTrace Verbose: 0 : 32184, 14, 2023/04/04, 03:41:50.469, 3719248017255, vstest.console.dll, TestRunRequest:SendTestRunMessage: Starting.
TpTrace Verbose: 0 : 32184, 14, 2023/04/04, 03:41:50.469, 3719248017755, vstest.console.dll, MulticastDelegateUtilities.SafeInvoke: TestRun.LogMessages: Invoking callback 1/1 for Microsoft.VisualStudio.TestPlatform.CommandLine.TestRunResultAggregator., took 0 ms.
TpTrace Verbose: 0 : 32184, 4, 2023/04/04, 03:41:50.470, 3719248017952, vstest.console.dll, MulticastDelegateUtilities.SafeInvoke: InternalTestLoggerEvents.SendTestRunMessage: Invoking callback 1/1 for Microsoft.VisualStudio.TestPlatform.CommandLine.Internal.ConsoleLogger., took 0 ms.
TpTrace Information: 0 : 32184, 14, 2023/04/04, 03:41:50.470, 3719248018041, vstest.console.dll, TestRunRequest:SendTestRunMessage: Completed.
TpTrace Verbose: 0 : 32184, 14, 2023/04/04, 03:41:50.470, 3719248019081, vstest.console.dll, MulticastDelegateUtilities.SafeInvoke: LengthPrefixCommunicationChannel: MessageReceived: Invoking callback 1/1 for Microsoft.VisualStudio.TestPlatform.CommunicationUtilities.TestRequestSender+<>c__DisplayClass34_0., took 0 ms.
TpTrace Verbose: 0 : 32184, 14, 2023/04/04, 03:41:50.470, 3719248019433, vstest.console.dll, TcpClientExtensions.MessageLoopAsync: Polling on remoteEndPoint: 127.0.0.1:61483 localEndPoint: 127.0.0.1:61482
TpTrace Verbose: 0 : 32184, 14, 2023/04/04, 03:41:50.471, 3719248029428, vstest.console.dll, TcpClientExtensions.MessageLoopAsync: NotifyDataAvailable remoteEndPoint: 127.0.0.1:61483 localEndPoint: 127.0.0.1:61482
TpTrace Verbose: 0 : 32184, 14, 2023/04/04, 03:41:50.471, 3719248030105, vstest.console.dll, TestRequestSender.OnExecutionMessageReceived: Received message: {"Version":2,"MessageType":"TestSession.Message","Payload":{"MessageLevel":0,"Message":"[xUnit.net 00:00:01.46]   Starting:    SistemaCompra.Domain.Test"}}
TpTrace Verbose: 0 : 32184, 14, 2023/04/04, 03:41:50.471, 3719248030766, vstest.console.dll, TestRunRequest:SendTestRunMessage: Starting.
TpTrace Verbose: 0 : 32184, 14, 2023/04/04, 03:41:50.471, 3719248031182, vstest.console.dll, MulticastDelegateUtilities.SafeInvoke: TestRun.LogMessages: Invoking callback 1/1 for Microsoft.VisualStudio.TestPlatform.CommandLine.TestRunResultAggregator., took 0 ms.
TpTrace Verbose: 0 : 32184, 4, 2023/04/04, 03:41:50.471, 3719248031338, vstest.console.dll, MulticastDelegateUtilities.SafeInvoke: InternalTestLoggerEvents.SendTestRunMessage: Invoking callback 1/1 for Microsoft.VisualStudio.TestPlatform.CommandLine.Internal.ConsoleLogger., took 0 ms.
TpTrace Information: 0 : 32184, 14, 2023/04/04, 03:41:50.471, 3719248031434, vstest.console.dll, TestRunRequest:SendTestRunMessage: Completed.
TpTrace Verbose: 0 : 32184, 14, 2023/04/04, 03:41:50.471, 3719248032284, vstest.console.dll, MulticastDelegateUtilities.SafeInvoke: LengthPrefixCommunicationChannel: MessageReceived: Invoking callback 1/1 for Microsoft.VisualStudio.TestPlatform.CommunicationUtilities.TestRequestSender+<>c__DisplayClass34_0., took 0 ms.
TpTrace Verbose: 0 : 32184, 14, 2023/04/04, 03:41:50.471, 3719248032608, vstest.console.dll, TcpClientExtensions.MessageLoopAsync: Polling on remoteEndPoint: 127.0.0.1:61483 localEndPoint: 127.0.0.1:61482
TpTrace Verbose: 0 : 32184, 14, 2023/04/04, 03:41:50.513, 3719248455941, vstest.console.dll, TcpClientExtensions.MessageLoopAsync: NotifyDataAvailable remoteEndPoint: 127.0.0.1:61483 localEndPoint: 127.0.0.1:61482
TpTrace Verbose: 0 : 32184, 14, 2023/04/04, 03:41:50.513, 3719248457455, vstest.console.dll, TestRequestSender.OnExecutionMessageReceived: Received message: {"Version":2,"MessageType":"TestExecution.StatsChange","Payload":{"NewTestResults":[],"TestRunStatistics":{"ExecutedTests":0,"Stats":{}},"ActiveTests":[{"Id":"91945fee-20e8-0770-235b-8d972a01790b","FullyQualifiedName":"SistemaCompra.Domain.Test.SolicitacaoCompraAggregate.SolicitacaoCompra_RegistrarCompraDeve.NotificarErroQuandoNaoInformarItensCompra","DisplayName":"SistemaCompra.Domain.Test.SolicitacaoCompraAggregate.SolicitacaoCompra_RegistrarCompraDeve.NotificarErroQuandoNaoInformarItensCompra","ExecutorUri":"executor://xunit/VsTestRunner2/netcoreapp","Source":"D:\\Users\\magic\\Downloads\\SistemaCompras-v3\\SistemaCompra.Domain.Test\\bin\\Debug\\netcoreapp3.1\\fine-code-coverage\\build-output\\SistemaCompra.Domain.Test.dll","CodeFilePath":null,"LineNumber":0,"Properties":[]}]}}
TpTrace Verbose: 0 : 32184, 14, 2023/04/04, 03:41:50.522, 3719248538783, vstest.console.dll, TestRunRequest:SendTestRunStatsChange: Starting.
TpTrace Verbose: 0 : 32184, 14, 2023/04/04, 03:41:50.522, 3719248540112, vstest.console.dll, InProgress is SistemaCompra.Domain.Test.SolicitacaoCompraAggregate.SolicitacaoCompra_RegistrarCompraDeve.NotificarErroQuandoNaoInformarItensCompra
TpTrace Verbose: 0 : 32184, 14, 2023/04/04, 03:41:50.522, 3719248540986, vstest.console.dll, MulticastDelegateUtilities.SafeInvoke: TestRun.RunStatsChanged: Invoking callbacks was skipped because there are no subscribers.
TpTrace Information: 0 : 32184, 14, 2023/04/04, 03:41:50.522, 3719248541506, vstest.console.dll, TestRunRequest:SendTestRunStatsChange: Completed.
TpTrace Verbose: 0 : 32184, 14, 2023/04/04, 03:41:50.522, 3719248541804, vstest.console.dll, MulticastDelegateUtilities.SafeInvoke: LengthPrefixCommunicationChannel: MessageReceived: Invoking callback 1/1 for Microsoft.VisualStudio.TestPlatform.CommunicationUtilities.TestRequestSender+<>c__DisplayClass34_0., took 8 ms.
TpTrace Verbose: 0 : 32184, 14, 2023/04/04, 03:41:50.522, 3719248542099, vstest.console.dll, TcpClientExtensions.MessageLoopAsync: Polling on remoteEndPoint: 127.0.0.1:61483 localEndPoint: 127.0.0.1:61482
TpTrace Verbose: 0 : 32184, 14, 2023/04/04, 03:41:50.547, 3719248789067, vstest.console.dll, TcpClientExtensions.MessageLoopAsync: NotifyDataAvailable remoteEndPoint: 127.0.0.1:61483 localEndPoint: 127.0.0.1:61482
TpTrace Verbose: 0 : 32184, 14, 2023/04/04, 03:41:50.547, 3719248790008, vstest.console.dll, TestRequestSender.OnExecutionMessageReceived: Received message: {"Version":2,"MessageType":"TestSession.Message","Payload":{"MessageLevel":2,"Message":"[xUnit.net 00:00:01.54]     SistemaCompra.Domain.Test.SolicitacaoCompraAggregate.SolicitacaoCompra_RegistrarCompraDeve.DefinirPrazo30DiasAoComprarMais50mil [FAIL]"}}
TpTrace Verbose: 0 : 32184, 14, 2023/04/04, 03:41:50.547, 3719248790769, vstest.console.dll, TestRunRequest:SendTestRunMessage: Starting.
TpTrace Verbose: 0 : 32184, 14, 2023/04/04, 03:41:50.547, 3719248791294, vstest.console.dll, MulticastDelegateUtilities.SafeInvoke: TestRun.LogMessages: Invoking callback 1/1 for Microsoft.VisualStudio.TestPlatform.CommandLine.TestRunResultAggregator., took 0 ms.
TpTrace Information: 0 : 32184, 14, 2023/04/04, 03:41:50.547, 3719248791713, vstest.console.dll, TestRunRequest:SendTestRunMessage: Completed.
TpTrace Verbose: 0 : 32184, 14, 2023/04/04, 03:41:50.547, 3719248792001, vstest.console.dll, MulticastDelegateUtilities.SafeInvoke: LengthPrefixCommunicationChannel: MessageReceived: Invoking callback 1/1 for Microsoft.VisualStudio.TestPlatform.CommunicationUtilities.TestRequestSender+<>c__DisplayClass34_0., took 0 ms.
TpTrace Verbose: 0 : 32184, 14, 2023/04/04, 03:41:50.547, 3719248792253, vstest.console.dll, TcpClientExtensions.MessageLoopAsync: Polling on remoteEndPoint: 127.0.0.1:61483 localEndPoint: 127.0.0.1:61482
TpTrace Verbose: 0 : 32184, 4, 2023/04/04, 03:41:50.547, 3719248792428, vstest.console.dll, MulticastDelegateUtilities.SafeInvoke: InternalTestLoggerEvents.SendTestRunMessage: Invoking callback 1/1 for Microsoft.VisualStudio.TestPlatform.CommandLine.Internal.ConsoleLogger., took 0 ms.
TpTrace Verbose: 0 : 32184, 14, 2023/04/04, 03:41:50.547, 3719248794401, vstest.console.dll, TcpClientExtensions.MessageLoopAsync: NotifyDataAvailable remoteEndPoint: 127.0.0.1:61483 localEndPoint: 127.0.0.1:61482
TpTrace Verbose: 0 : 32184, 14, 2023/04/04, 03:41:50.547, 3719248795077, vstest.console.dll, TestRequestSender.OnExecutionMessageReceived: Received message: {"Version":2,"MessageType":"TestSession.Message","Payload":{"MessageLevel":0,"Message":"[xUnit.net 00:00:01.54]       System.NullReferenceException : Object reference not set to an instance of an object."}}
TpTrace Verbose: 0 : 32184, 14, 2023/04/04, 03:41:50.547, 3719248795708, vstest.console.dll, TestRunRequest:SendTestRunMessage: Starting.
TpTrace Verbose: 0 : 32184, 14, 2023/04/04, 03:41:50.547, 3719248796206, vstest.console.dll, MulticastDelegateUtilities.SafeInvoke: TestRun.LogMessages: Invoking callback 1/1 for Microsoft.VisualStudio.TestPlatform.CommandLine.TestRunResultAggregator., took 0 ms.
TpTrace Verbose: 0 : 32184, 4, 2023/04/04, 03:41:50.547, 3719248796430, vstest.console.dll, MulticastDelegateUtilities.SafeInvoke: InternalTestLoggerEvents.SendTestRunMessage: Invoking callback 1/1 for Microsoft.VisualStudio.TestPlatform.CommandLine.Internal.ConsoleLogger., took 0 ms.
TpTrace Information: 0 : 32184, 14, 2023/04/04, 03:41:50.547, 3719248796467, vstest.console.dll, TestRunRequest:SendTestRunMessage: Completed.
TpTrace Verbose: 0 : 32184, 14, 2023/04/04, 03:41:50.547, 3719248797350, vstest.console.dll, MulticastDelegateUtilities.SafeInvoke: LengthPrefixCommunicationChannel: MessageReceived: Invoking callback 1/1 for Microsoft.VisualStudio.TestPlatform.CommunicationUtilities.TestRequestSender+<>c__DisplayClass34_0., took 0 ms.
TpTrace Verbose: 0 : 32184, 14, 2023/04/04, 03:41:50.547, 3719248797652, vstest.console.dll, TcpClientExtensions.MessageLoopAsync: Polling on remoteEndPoint: 127.0.0.1:61483 localEndPoint: 127.0.0.1:61482
TpTrace Verbose: 0 : 32184, 14, 2023/04/04, 03:41:50.548, 3719248799722, vstest.console.dll, TcpClientExtensions.MessageLoopAsync: NotifyDataAvailable remoteEndPoint: 127.0.0.1:61483 localEndPoint: 127.0.0.1:61482
TpTrace Verbose: 0 : 32184, 14, 2023/04/04, 03:41:50.548, 3719248800370, vstest.console.dll, TestRequestSender.OnExecutionMessageReceived: Received message: {"Version":2,"MessageType":"TestSession.Message","Payload":{"MessageLevel":0,"Message":"[xUnit.net 00:00:01.54]       Stack Trace:"}}
TpTrace Verbose: 0 : 32184, 14, 2023/04/04, 03:41:50.548, 3719248800925, vstest.console.dll, TestRunRequest:SendTestRunMessage: Starting.
TpTrace Verbose: 0 : 32184, 14, 2023/04/04, 03:41:50.548, 3719248801424, vstest.console.dll, MulticastDelegateUtilities.SafeInvoke: TestRun.LogMessages: Invoking callback 1/1 for Microsoft.VisualStudio.TestPlatform.CommandLine.TestRunResultAggregator., took 0 ms.
TpTrace Verbose: 0 : 32184, 4, 2023/04/04, 03:41:50.548, 3719248801508, vstest.console.dll, MulticastDelegateUtilities.SafeInvoke: InternalTestLoggerEvents.SendTestRunMessage: Invoking callback 1/1 for Microsoft.VisualStudio.TestPlatform.CommandLine.Internal.ConsoleLogger., took 0 ms.
TpTrace Information: 0 : 32184, 14, 2023/04/04, 03:41:50.548, 3719248801728, vstest.console.dll, TestRunRequest:SendTestRunMessage: Completed.
TpTrace Verbose: 0 : 32184, 14, 2023/04/04, 03:41:50.548, 3719248802615, vstest.console.dll, MulticastDelegateUtilities.SafeInvoke: LengthPrefixCommunicationChannel: MessageReceived: Invoking callback 1/1 for Microsoft.VisualStudio.TestPlatform.CommunicationUtilities.TestRequestSender+<>c__DisplayClass34_0., took 0 ms.
TpTrace Verbose: 0 : 32184, 14, 2023/04/04, 03:41:50.548, 3719248802926, vstest.console.dll, TcpClientExtensions.MessageLoopAsync: Polling on remoteEndPoint: 127.0.0.1:61483 localEndPoint: 127.0.0.1:61482
TpTrace Verbose: 0 : 32184, 14, 2023/04/04, 03:41:50.548, 3719248804426, vstest.console.dll, TcpClientExtensions.MessageLoopAsync: NotifyDataAvailable remoteEndPoint: 127.0.0.1:61483 localEndPoint: 127.0.0.1:61482
TpTrace Verbose: 0 : 32184, 14, 2023/04/04, 03:41:50.548, 3719248805028, vstest.console.dll, TestRequestSender.OnExecutionMessageReceived: Received message: {"Version":2,"MessageType":"TestSession.Message","Payload":{"MessageLevel":0,"Message":"[xUnit.net 00:00:01.54]         D:\\Users\\magic\\Downloads\\SistemaCompras-v3\\SistemaCompra.Domain.Test\\SolicitacaoCompraAggregate\\SolicitacaoCompra_RegistrarCompraDeve.cs(24,0): at SistemaCompra.Domain.Test.SolicitacaoCompraAggregate.SolicitacaoCompra_RegistrarCompraDeve.DefinirPrazo30DiasAoComprarMais50mil()"}}
TpTrace Verbose: 0 : 32184, 14, 2023/04/04, 03:41:50.548, 3719248805599, vstest.console.dll, TestRunRequest:SendTestRunMessage: Starting.
TpTrace Verbose: 0 : 32184, 14, 2023/04/04, 03:41:50.548, 3719248806005, vstest.console.dll, MulticastDelegateUtilities.SafeInvoke: TestRun.LogMessages: Invoking callback 1/1 for Microsoft.VisualStudio.TestPlatform.CommandLine.TestRunResultAggregator., took 0 ms.
TpTrace Verbose: 0 : 32184, 4, 2023/04/04, 03:41:50.548, 3719248806151, vstest.console.dll, MulticastDelegateUtilities.SafeInvoke: InternalTestLoggerEvents.SendTestRunMessage: Invoking callback 1/1 for Microsoft.VisualStudio.TestPlatform.CommandLine.Internal.ConsoleLogger., took 0 ms.
TpTrace Information: 0 : 32184, 14, 2023/04/04, 03:41:50.548, 3719248806284, vstest.console.dll, TestRunRequest:SendTestRunMessage: Completed.
TpTrace Verbose: 0 : 32184, 14, 2023/04/04, 03:41:50.548, 3719248806993, vstest.console.dll, MulticastDelegateUtilities.SafeInvoke: LengthPrefixCommunicationChannel: MessageReceived: Invoking callback 1/1 for Microsoft.VisualStudio.TestPlatform.CommunicationUtilities.TestRequestSender+<>c__DisplayClass34_0., took 0 ms.
TpTrace Verbose: 0 : 32184, 14, 2023/04/04, 03:41:50.548, 3719248807274, vstest.console.dll, TcpClientExtensions.MessageLoopAsync: Polling on remoteEndPoint: 127.0.0.1:61483 localEndPoint: 127.0.0.1:61482
TpTrace Verbose: 0 : 32184, 14, 2023/04/04, 03:41:50.550, 3719248824776, vstest.console.dll, TcpClientExtensions.MessageLoopAsync: NotifyDataAvailable remoteEndPoint: 127.0.0.1:61483 localEndPoint: 127.0.0.1:61482
TpTrace Verbose: 0 : 32184, 14, 2023/04/04, 03:41:50.550, 3719248825505, vstest.console.dll, TestRequestSender.OnExecutionMessageReceived: Received message: {"Version":2,"MessageType":"TestSession.Message","Payload":{"MessageLevel":0,"Message":"[xUnit.net 00:00:01.54]   Finished:    SistemaCompra.Domain.Test"}}
TpTrace Verbose: 0 : 32184, 14, 2023/04/04, 03:41:50.550, 3719248826088, vstest.console.dll, TestRunRequest:SendTestRunMessage: Starting.
TpTrace Verbose: 0 : 32184, 14, 2023/04/04, 03:41:50.550, 3719248826516, vstest.console.dll, MulticastDelegateUtilities.SafeInvoke: TestRun.LogMessages: Invoking callback 1/1 for Microsoft.VisualStudio.TestPlatform.CommandLine.TestRunResultAggregator., took 0 ms.
TpTrace Verbose: 0 : 32184, 4, 2023/04/04, 03:41:50.550, 3719248826663, vstest.console.dll, MulticastDelegateUtilities.SafeInvoke: InternalTestLoggerEvents.SendTestRunMessage: Invoking callback 1/1 for Microsoft.VisualStudio.TestPlatform.CommandLine.Internal.ConsoleLogger., took 0 ms.
TpTrace Information: 0 : 32184, 14, 2023/04/04, 03:41:50.550, 3719248826781, vstest.console.dll, TestRunRequest:SendTestRunMessage: Completed.
TpTrace Verbose: 0 : 32184, 14, 2023/04/04, 03:41:50.550, 3719248827750, vstest.console.dll, MulticastDelegateUtilities.SafeInvoke: LengthPrefixCommunicationChannel: MessageReceived: Invoking callback 1/1 for Microsoft.VisualStudio.TestPlatform.CommunicationUtilities.TestRequestSender+<>c__DisplayClass34_0., took 0 ms.
TpTrace Verbose: 0 : 32184, 14, 2023/04/04, 03:41:50.551, 3719248828118, vstest.console.dll, TcpClientExtensions.MessageLoopAsync: Polling on remoteEndPoint: 127.0.0.1:61483 localEndPoint: 127.0.0.1:61482
TpTrace Verbose: 0 : 32184, 14, 2023/04/04, 03:41:50.565, 3719248968867, vstest.console.dll, TcpClientExtensions.MessageLoopAsync: NotifyDataAvailable remoteEndPoint: 127.0.0.1:61483 localEndPoint: 127.0.0.1:61482
TpTrace Verbose: 0 : 32184, 14, 2023/04/04, 03:41:50.565, 3719248970329, vstest.console.dll, TestRequestSender.OnExecutionMessageReceived: Received message: {"Version":2,"MessageType":"TestExecution.Completed","Payload":{"TestRunCompleteArgs":{"TestRunStatistics":{"ExecutedTests":4,"Stats":{"Passed":3,"Failed":1}},"IsCanceled":false,"IsAborted":false,"Error":null,"AttachmentSets":[],"ElapsedTimeInRunningTests":"00:00:01.5544685","Metrics":{}},"LastRunTests":{"NewTestResults":[{"TestCase":{"Id":"2c763dc0-0f34-521e-ed04-b2ae6e9479a4","FullyQualifiedName":"SistemaCompra.Domain.Test.ProdutoAggregate.ProdutoAggregate_AtualizarPrecoDeve.AtualizarPrecoDe400Para500","DisplayName":"SistemaCompra.Domain.Test.ProdutoAggregate.ProdutoAggregate_AtualizarPrecoDeve.AtualizarPrecoDe400Para500","ExecutorUri":"executor://xunit/VsTestRunner2/netcoreapp","Source":"D:\\Users\\magic\\Downloads\\SistemaCompras-v3\\SistemaCompra.Domain.Test\\bin\\Debug\\netcoreapp3.1\\fine-code-coverage\\build-output\\SistemaCompra.Domain.Test.dll","CodeFilePath":null,"LineNumber":0,"Properties":[]},"Attachments":[],"Outcome":1,"ErrorMessage":null,"ErrorStackTrace":null,"DisplayName":"SistemaCompra.Domain.Test.ProdutoAggregate.ProdutoAggregate_AtualizarPrecoDeve.AtualizarPrecoDe400Para500","Messages":[],"ComputerName":"DESKTOP-GUILHER","Duration":"00:00:00.0038566","StartTime":"2023-04-04T06:41:50.5296453+00:00","EndTime":"2023-04-04T06:41:50.5296915+00:00","Properties":[]},{"TestCase":{"Id":"91945fee-20e8-0770-235b-8d972a01790b","FullyQualifiedName":"SistemaCompra.Domain.Test.SolicitacaoCompraAggregate.SolicitacaoCompra_RegistrarCompraDeve.NotificarErroQuandoNaoInformarItensCompra","DisplayName":"SistemaCompra.Domain.Test.SolicitacaoCompraAggregate.SolicitacaoCompra_RegistrarCompraDeve.NotificarErroQuandoNaoInformarItensCompra","ExecutorUri":"executor://xunit/VsTestRunner2/netcoreapp","Source":"D:\\Users\\magic\\Downloads\\SistemaCompras-v3\\SistemaCompra.Domain.Test\\bin\\Debug\\netcoreapp3.1\\fine-code-coverage\\build-output\\SistemaCompra.Domain.Test.dll","CodeFilePath":null,"LineNumber":0,"Properties":[]},"Attachments":[],"Outcome":1,"ErrorMessage":null,"ErrorStackTrace":null,"DisplayName":"SistemaCompra.Domain.Test.SolicitacaoCompraAggregate.SolicitacaoCompra_RegistrarCompraDeve.NotificarErroQuandoNaoInformarItensCompra","Messages":[],"ComputerName":"DESKTOP-GUILHER","Duration":"00:00:00.0038557","StartTime":"2023-04-04T06:41:50.5392326+00:00","EndTime":"2023-04-04T06:41:50.5392329+00:00","Properties":[]},{"TestCase":{"Id":"2d85d7d6-af78-4b19-6ae9-f12898d306d2","FullyQualifiedName":"SistemaCompra.Domain.Test.ProdutoAggregate.ProdutoAggregate_AtualizarPrecoDeve.NotificarErroQuandoProdutoEstaCancelado","DisplayName":"SistemaCompra.Domain.Test.ProdutoAggregate.ProdutoAggregate_AtualizarPrecoDeve.NotificarErroQuandoProdutoEstaCancelado","ExecutorUri":"executor://xunit/VsTestRunner2/netcoreapp","Source":"D:\\Users\\magic\\Downloads\\SistemaCompras-v3\\SistemaCompra.Domain.Test\\bin\\Debug\\netcoreapp3.1\\fine-code-coverage\\build-output\\SistemaCompra.Domain.Test.dll","CodeFilePath":null,"LineNumber":0,"Properties":[]},"Attachments":[],"Outcome":1,"ErrorMessage":null,"ErrorStackTrace":null,"DisplayName":"SistemaCompra.Domain.Test.ProdutoAggregate.ProdutoAggregate_AtualizarPrecoDeve.NotificarErroQuandoProdutoEstaCancelado","Messages":[],"ComputerName":"DESKTOP-GUILHER","Duration":"00:00:00.0002746","StartTime":"2023-04-04T06:41:50.543208+00:00","EndTime":"2023-04-04T06:41:50.5432087+00:00","Properties":[]},{"TestCase":{"Id":"2ef040ec-0a84-b018-4fc6-538d67c8fd9f","FullyQualifiedName":"SistemaCompra.Domain.Test.SolicitacaoCompraAggregate.SolicitacaoCompra_RegistrarCompraDeve.DefinirPrazo30DiasAoComprarMais50mil","DisplayName":"SistemaCompra.Domain.Test.SolicitacaoCompraAggregate.SolicitacaoCompra_RegistrarCompraDeve.DefinirPrazo30DiasAoComprarMais50mil","ExecutorUri":"executor://xunit/VsTestRunner2/netcoreapp","Source":"D:\\Users\\magic\\Downloads\\SistemaCompras-v3\\SistemaCompra.Domain.Test\\bin\\Debug\\netcoreapp3.1\\fine-code-coverage\\build-output\\SistemaCompra.Domain.Test.dll","CodeFilePath":null,"LineNumber":0,"Properties":[]},"Attachments":[],"Outcome":2,"ErrorMessage":"System.NullReferenceException : Object reference not set to an instance of an object.","ErrorStackTrace":"   at SistemaCompra.Domain.Test.SolicitacaoCompraAggregate.SolicitacaoCompra_RegistrarCompraDeve.DefinirPrazo30DiasAoComprarMais50mil() in D:\\Users\\magic\\Downloads\\SistemaCompras-v3\\SistemaCompra.Domain.Test\\SolicitacaoCompraAggregate\\SolicitacaoCompra_RegistrarCompraDeve.cs:line 24","DisplayName":"SistemaCompra.Domain.Test.SolicitacaoCompraAggregate.SolicitacaoCompra_RegistrarCompraDeve.DefinirPrazo30DiasAoComprarMais50mil","Messages":[],"ComputerName":"DESKTOP-GUILHER","Duration":"00:00:00.0015714","StartTime":"2023-04-04T06:41:50.5491831+00:00","EndTime":"2023-04-04T06:41:50.5491839+00:00","Properties":[]}],"TestRunStatistics":{"ExecutedTests":4,"Stats":{"Passed":3,"Failed":1}},"ActiveTests":[]},"RunAttachments":[],"ExecutorUris":["executor://xunit/VsTestRunner2/netcoreapp"]}}
TpTrace Verbose: 0 : 32184, 14, 2023/04/04, 03:41:50.565, 3719248971334, vstest.console.dll, TestRequestSender.EndSession: Sending end session.
TpTrace Verbose: 0 : 32184, 14, 2023/04/04, 03:41:50.565, 3719248972621, vstest.console.dll, ProxyOperationManager.Close: waiting for test host to exit for 100 ms
TpTrace Warning: 0 : 32184, 12, 2023/04/04, 03:41:50.574, 3719249064490, vstest.console.dll, TestHostManagerCallbacks.ErrorReceivedCallback Test host standard error line: 
TpTrace Verbose: 0 : 32184, 12, 2023/04/04, 03:41:50.582, 3719249140795, vstest.console.dll, TestHostProvider.ExitCallBack: Host exited starting callback.
TpTrace Information: 0 : 32184, 12, 2023/04/04, 03:41:50.582, 3719249142062, vstest.console.dll, TestHostManagerCallbacks.ExitCallBack: Testhost processId: 32604 exited with exitcode: 0 error: ''
TpTrace Verbose: 0 : 32184, 12, 2023/04/04, 03:41:50.582, 3719249142547, vstest.console.dll, DotnetTestHostManager.OnHostExited: invoking OnHostExited callback
TpTrace Verbose: 0 : 32184, 12, 2023/04/04, 03:41:50.582, 3719249142997, vstest.console.dll, CrossPlatEngine.TestHostManagerHostExited: calling on client process exit callback.
TpTrace Information: 0 : 32184, 12, 2023/04/04, 03:41:50.582, 3719249143438, vstest.console.dll, TestRequestSender.OnClientProcessExit: Test host process exited. Standard error: 
TpTrace Information: 0 : 32184, 12, 2023/04/04, 03:41:50.582, 3719249143812, vstest.console.dll, SocketServer.Stop: Stop server endPoint: 127.0.0.1:61482
TpTrace Information: 0 : 32184, 12, 2023/04/04, 03:41:50.582, 3719249144084, vstest.console.dll, SocketServer.Stop: Cancellation requested. Stopping message loop.
TpTrace Information: 0 : 32184, 14, 2023/04/04, 03:41:50.582, 3719249144109, vstest.console.dll, SocketServer.Stop: Stop server endPoint: 127.0.0.1:61482
TpTrace Verbose: 0 : 32184, 12, 2023/04/04, 03:41:50.582, 3719249144742, vstest.console.dll, MulticastDelegateUtilities.SafeInvoke: HostProviderEvents.OnHostExited: Invoking callback 1/1 for Microsoft.VisualStudio.TestPlatform.CrossPlatEngine.Client.ProxyOperationManager., took 0 ms.
TpTrace Information: 0 : 32184, 14, 2023/04/04, 03:41:50.582, 3719249144799, vstest.console.dll, SocketServer.Stop: Cancellation requested. Stopping message loop.
TpTrace Information: 0 : 32184, 14, 2023/04/04, 03:41:50.582, 3719249145699, vstest.console.dll, Closing the connection
TpTrace Verbose: 0 : 32184, 14, 2023/04/04, 03:41:50.582, 3719249147620, vstest.console.dll, ProxyDataCollectionManager.InvokeDataCollectionServiceAction: Starting.
TpTrace Information: 0 : 32184, 14, 2023/04/04, 03:41:50.583, 3719249148203, vstest.console.dll, ProxyDataCollectionManager.AfterTestRunEnd: Get attachment set and invoked data collectors processId: 37896 port: 61479
TpTrace Verbose: 0 : 32184, 14, 2023/04/04, 03:41:50.583, 3719249148807, vstest.console.dll, DataCollectionRequestSender.SendAfterTestRunStartAndGetResult: Send AfterTestRunEnd message with isCancelled: False
TpTrace Verbose: 0 : 32184, 14, 2023/04/04, 03:41:50.588, 3719249201501, vstest.console.dll, DataCollectionRequestSender.SendAfterTestRunStartAndGetResult: Received message: (DataCollection.AfterTestRunEndResult) -> {"MessageType":"DataCollection.AfterTestRunEndResult","Payload":{"AttachmentSets":[],"InvokedDataCollectors":[{"Uri":"datacollector://Microsoft/TestPlatform/Extensions/Blame/v1","FriendlyName":"Blame","AssemblyQualifiedName":"Microsoft.TestPlatform.Extensions.BlameDataCollector.BlameCollector, Microsoft.TestPlatform.Extensions.BlameDataCollector, Version=15.0.0.0, Culture=neutral, PublicKeyToken=b03f5f7f11d50a3a","FilePath":"C:\\Program Files\\dotnet\\sdk\\7.0.202\\Extensions\\Microsoft.TestPlatform.Extensions.BlameDataCollector.dll","HasAttachmentProcessor":false}],"Metrics":{}}}
TpTrace Warning: 0 : 32184, 10, 2023/04/04, 03:41:50.592, 3719249239449, vstest.console.dll, DataCollectionLauncher.ErrorReceivedCallback datacollector standard error line: 
TpTrace Information: 0 : 32184, 14, 2023/04/04, 03:41:50.592, 3719249242455, vstest.console.dll, ProxyDataCollectionManager.InvokeDataCollectionServiceAction: Completed.
TpTrace Information: 0 : 32184, 10, 2023/04/04, 03:41:50.595, 3719249271069, vstest.console.dll, DataCollectionLauncher.ExitCallBack: Data collector exited with exitcode: 0 error: ''
TpTrace Verbose: 0 : 32184, 14, 2023/04/04, 03:41:50.620, 3719249525709, vstest.console.dll, TestRunRequest:SendTestRunStatsChange: Starting.
TpTrace Verbose: 0 : 32184, 14, 2023/04/04, 03:41:50.620, 3719249527634, vstest.console.dll, MulticastDelegateUtilities.SafeInvoke: TestRun.RunStatsChanged: Invoking callbacks was skipped because there are no subscribers.
TpTrace Information: 0 : 32184, 14, 2023/04/04, 03:41:50.621, 3719249528017, vstest.console.dll, TestRunRequest:SendTestRunStatsChange: Completed.
TpTrace Verbose: 0 : 32184, 14, 2023/04/04, 03:41:50.621, 3719249531197, vstest.console.dll, ParallelProxyExecutionManager: HandlePartialRunComplete: Total completed clients = 1, Run complete = True, Run canceled: False.
TpTrace Verbose: 0 : 32184, 4, 2023/04/04, 03:41:50.622, 3719249538094, vstest.console.dll, MulticastDelegateUtilities.SafeInvoke: InternalTestLoggerEvents.SendTestResult: Invoking callback 1/1 for Microsoft.VisualStudio.TestPlatform.CommandLine.Internal.ConsoleLogger., took 1 ms.
TpTrace Verbose: 0 : 32184, 4, 2023/04/04, 03:41:50.622, 3719249539877, vstest.console.dll, MulticastDelegateUtilities.SafeInvoke: InternalTestLoggerEvents.SendTestResult: Invoking callback 1/1 for Microsoft.VisualStudio.TestPlatform.CommandLine.Internal.ConsoleLogger., took 0 ms.
TpTrace Verbose: 0 : 32184, 4, 2023/04/04, 03:41:50.622, 3719249540472, vstest.console.dll, MulticastDelegateUtilities.SafeInvoke: InternalTestLoggerEvents.SendTestResult: Invoking callback 1/1 for Microsoft.VisualStudio.TestPlatform.CommandLine.Internal.ConsoleLogger., took 0 ms.
TpTrace Verbose: 0 : 32184, 4, 2023/04/04, 03:41:50.622, 3719249545441, vstest.console.dll, MulticastDelegateUtilities.SafeInvoke: InternalTestLoggerEvents.SendTestResult: Invoking callback 1/1 for Microsoft.VisualStudio.TestPlatform.CommandLine.Internal.ConsoleLogger., took 0 ms.
TpTrace Verbose: 0 : 32184, 4, 2023/04/04, 03:41:50.629, 3719249607908, vstest.console.dll, MulticastDelegateUtilities.SafeInvoke: InternalTestLoggerEvents.SendTestRunComplete: Invoking callback 1/2 for Microsoft.TestPlatform.Extensions.BlameDataCollector.BlameLogger., took 0 ms.
TpTrace Verbose: 0 : 32184, 4, 2023/04/04, 03:41:50.632, 3719249646918, vstest.console.dll, MulticastDelegateUtilities.SafeInvoke: InternalTestLoggerEvents.SendTestRunComplete: Invoking callback 2/2 for Microsoft.VisualStudio.TestPlatform.CommandLine.Internal.ConsoleLogger., took 3 ms.
TpTrace Verbose: 0 : 32184, 14, 2023/04/04, 03:41:50.633, 3719249648876, vstest.console.dll, TestRunRequest:TestRunComplete: Starting. IsAborted:False IsCanceled:False.
TpTrace Verbose: 0 : 32184, 14, 2023/04/04, 03:41:50.633, 3719249656691, vstest.console.dll, TestLoggerManager.HandleTestRunComplete: Ignoring as the object is disposed.
TpTrace Verbose: 0 : 32184, 14, 2023/04/04, 03:41:50.634, 3719249658105, vstest.console.dll, MulticastDelegateUtilities.SafeInvoke: TestRun.TestRunComplete: Invoking callback 1/2 for Microsoft.VisualStudio.TestPlatform.CommandLine.TestRunResultAggregator., took 0 ms.
TpTrace Verbose: 0 : 32184, 14, 2023/04/04, 03:41:50.634, 3719249659205, vstest.console.dll, MulticastDelegateUtilities.SafeInvoke: TestRun.TestRunComplete: Invoking callback 2/2 for Microsoft.VisualStudio.TestPlatform.CommandLine.Processors.RunTestsArgumentExecutor+TestRunRequestEventsRegistrar., took 0 ms.
TpTrace Information: 0 : 32184, 14, 2023/04/04, 03:41:50.634, 3719249659888, vstest.console.dll, TestRunRequest:TestRunComplete: Completed.
TpTrace Verbose: 0 : 32184, 14, 2023/04/04, 03:41:50.634, 3719249660269, vstest.console.dll, TestRequestSender.SetOperationComplete: Setting operation complete.
TpTrace Verbose: 0 : 32184, 1, 2023/04/04, 03:41:50.634, 3719249660306, vstest.console.dll, TestRunRequest.Dispose: Starting.
TpTrace Information: 0 : 32184, 14, 2023/04/04, 03:41:50.634, 3719249660553, vstest.console.dll, SocketServer.Stop: Stop server endPoint: 127.0.0.1:61482
TpTrace Information: 0 : 32184, 1, 2023/04/04, 03:41:50.634, 3719249661109, vstest.console.dll, TestRunRequest.Dispose: Completed.
TpTrace Information: 0 : 32184, 14, 2023/04/04, 03:41:50.634, 3719249661544, vstest.console.dll, SocketServer.Stop: Cancellation requested. Stopping message loop.
TpTrace Information: 0 : 32184, 1, 2023/04/04, 03:41:50.634, 3719249662233, vstest.console.dll, TestRequestManager.RunTests: run tests completed.
TpTrace Verbose: 0 : 32184, 14, 2023/04/04, 03:41:50.634, 3719249662745, vstest.console.dll, MulticastDelegateUtilities.SafeInvoke: LengthPrefixCommunicationChannel: MessageReceived: Invoking callback 1/1 for Microsoft.VisualStudio.TestPlatform.CommunicationUtilities.TestRequestSender+<>c__DisplayClass34_0., took 69 ms.
TpTrace Information: 0 : 32184, 14, 2023/04/04, 03:41:50.634, 3719249663275, vstest.console.dll, SocketServer.PrivateStop: Stopping server endPoint: 127.0.0.1:61482 error: 
TpTrace Information: 0 : 32184, 1, 2023/04/04, 03:41:50.634, 3719249663257, vstest.console.dll, RunTestsArgumentProcessor:Execute: Test run is completed.
TpTrace Verbose: 0 : 32184, 1, 2023/04/04, 03:41:50.634, 3719249664862, vstest.console.dll, Executor.Execute: Exiting with exit code of 1
TpTrace Verbose: 0 : 32184, 14, 2023/04/04, 03:41:50.634, 3719249666451, vstest.console.dll, LengthPrefixCommunicationChannel.Dispose: Dispose reader and writer.
TpTrace Information: 0 : 32184, 14, 2023/04/04, 03:41:50.634, 3719249667153, vstest.console.dll, SocketServer.Stop: Raise disconnected event endPoint: 127.0.0.1:61482 error: 
TpTrace Verbose: 0 : 32184, 14, 2023/04/04, 03:41:50.634, 3719249667872, vstest.console.dll, TestRequestSender: OnTestRunAbort: Operation is already complete. Skip error message.
